[0322/175454.496:ERROR:process_reader_win.cc(151)] SuspendThread: Access is denied. (0x5)
[0322/175454.498:ERROR:exception_snapshot_win.cc(98)] thread ID 16328 not found in process
[0322/175454.498:ERROR:scoped_process_suspend.cc(40)] NtResumeProcess: An attempt was made to access an exiting process. (0xc000010a)
[0322/182618.513:ERROR:process_memory_win.cc(73)] ReadMemory at 0x7ffc62d43648 of 36 bytes failed: Only part of a ReadProcessMemory or WriteProcessMemory request was completed. (0x12B)
[0322/182618.514:WARNING:pe_image_reader.cc(191)] could not read debug directory from C:\WINDOWS\SYSTEM32\SSPICLI.DLL
[0322/182618.514:ERROR:process_memory_win.cc(73)] ReadMemory at 0x7ffc62d20000 of 64 bytes failed: Only part of a ReadProcessMemory or WriteProcessMemory request was completed. (0x12B)
[0322/182618.514:WARNING:pe_image_reader.cc(340)] could not read dos header from C:\WINDOWS\SYSTEM32\SSPICLI.DLL
[0322/182618.514:ERROR:process_memory_win.cc(73)] ReadMemory at 0x7ffc62840000 of 64 bytes failed: Only part of a ReadProcessMemory or WriteProcessMemory request was completed. (0x12B)
[0322/182618.514:WARNING:pe_image_reader.cc(340)] could not read dos header from C:\WINDOWS\SYSTEM32\CRYPTBASE.DLL
[0322/182618.514:ERROR:process_memory_win.cc(73)] ReadMemory at 0x7ffc62840000 of 64 bytes failed: Only part of a ReadProcessMemory or WriteProcessMemory request was completed. (0x12B)
[0322/182618.514:WARNING:pe_image_reader.cc(340)] could not read dos header from C:\WINDOWS\SYSTEM32\CRYPTBASE.DLL
[0322/182618.514:ERROR:process_memory_win.cc(73)] ReadMemory at 0x7ffc660a5fe8 of 8 bytes failed: Only part of a ReadProcessMemory or WriteProcessMemory request was completed. (0x12B)
[0322/182618.514:ERROR:process_snapshot_win.cc(311)] failed to read target address
[0322/182618.551:ERROR:process_memory_win.cc(73)] ReadMemory at 0x7ff6c54c0000 of 64 bytes failed: Only part of a ReadProcessMemory or WriteProcessMemory request was completed. (0x12B)
[0322/182618.551:WARNING:pe_image_reader.cc(340)] could not read dos header from C:\Program Files (x86)\Google\Chrome\Application\chrome.exe
[0322/182618.551:ERROR:process_memory_win.cc(73)] ReadMemory at 0x7ffc65f40000 of 64 bytes failed: Only part of a ReadProcessMemory or WriteProcessMemory request was completed. (0x12B)
[0322/182618.551:WARNING:pe_image_reader.cc(340)] could not read dos header from C:\WINDOWS\SYSTEM32\ntdll.dll
[0322/182618.551:ERROR:process_memory_win.cc(73)] ReadMemory at 0x7ffc64f90000 of 64 bytes failed: Only part of a ReadProcessMemory or WriteProcessMemory request was completed. (0x12B)
[0322/182618.551:WARNING:pe_image_reader.cc(340)] could not read dos header from C:\WINDOWS\System32\KERNEL32.DLL
[0322/182618.551:ERROR:process_memory_win.cc(73)] ReadMemory at 0x7ffc62ed0000 of 64 bytes failed: Only part of a ReadProcessMemory or WriteProcessMemory request was completed. (0x12B)
[0322/182618.551:WARNING:pe_image_reader.cc(340)] could not read dos header from C:\WINDOWS\System32\KERNELBASE.dll
[0322/182618.551:ERROR:process_memory_win.cc(73)] ReadMemory at 0x7ffc300f0000 of 64 bytes failed: Only part of a ReadProcessMemory or WriteProcessMemory request was completed. (0x12B)
[0322/182618.551:WARNING:pe_image_reader.cc(340)] could not read dos header from C:\Program Files (x86)\Google\Chrome\Application\80.0.3987.149\chrome_elf.dll
[0322/182618.551:ERROR:process_memory_win.cc(73)] ReadMemory at 0x7ffc5d5b0000 of 64 bytes failed: Only part of a ReadProcessMemory or WriteProcessMemory request was completed. (0x12B)
[0322/182618.551:WARNING:pe_image_reader.cc(340)] could not read dos header from C:\WINDOWS\SYSTEM32\VERSION.dll
[0322/182618.551:ERROR:process_memory_win.cc(73)] ReadMemory at 0x7ffc64070000 of 64 bytes failed: Only part of a ReadProcessMemory or WriteProcessMemory request was completed. (0x12B)
[0322/182618.551:WARNING:pe_image_reader.cc(340)] could not read dos header from C:\WINDOWS\System32\msvcrt.dll
[0322/182618.552:ERROR:process_memory_win.cc(73)] ReadMemory at 0x7ffc63dd0000 of 64 bytes failed: Only part of a ReadProcessMemory or WriteProcessMemory request was completed. (0x12B)
[0322/182618.552:WARNING:pe_image_reader.cc(340)] could not read dos header from C:\WINDOWS\System32\bcryptPrimitives.dll
[0322/182618.552:ERROR:process_memory_win.cc(73)] ReadMemory at 0x7ffc64ee0000 of 64 bytes failed: Only part of a ReadProcessMemory or WriteProcessMemory request was completed. (0x12B)
[0322/182618.552:WARNING:pe_image_reader.cc(340)] could not read dos header from C:\WINDOWS\System32\ADVAPI32.dll
[0322/182618.552:ERROR:process_memory_win.cc(73)] ReadMemory at 0x7ffc65670000 of 64 bytes failed: Only part of a ReadProcessMemory or WriteProcessMemory request was completed. (0x12B)
[0322/182618.552:WARNING:pe_image_reader.cc(340)] could not read dos header from C:\WINDOWS\System32\sechost.dll
[0322/182618.552:ERROR:process_memory_win.cc(73)] ReadMemory at 0x7ffc65da0000 of 64 bytes failed: Only part of a ReadProcessMemory or WriteProcessMemory request was completed. (0x12B)
[0322/182618.552:WARNING:pe_image_reader.cc(340)] could not read dos header from C:\WINDOWS\System32\RPCRT4.dll
[0322/182618.552:ERROR:process_memory_win.cc(73)] ReadMemory at 0x7ffc02a30000 of 64 bytes failed: Only part of a ReadProcessMemory or WriteProcessMemory request was completed. (0x12B)
[0322/182618.552:WARNING:pe_image_reader.cc(340)] could not read dos header from C:\Program Files (x86)\Google\Chrome\Application\80.0.3987.149\chrome.dll
[0322/182618.552:ERROR:process_memory_win.cc(73)] ReadMemory at 0x243e4e70000 of 64 bytes failed: Only part of a ReadProcessMemory or WriteProcessMemory request was completed. (0x12B)
[0322/182618.552:WARNING:pe_image_reader.cc(340)] could not read dos header from C:\WINDOWS\System32\WS2_32.dll
[0322/182618.552:ERROR:process_memory_win.cc(73)] ReadMemory at 0x7ffc655a0000 of 64 bytes failed: Only part of a ReadProcessMemory or WriteProcessMemory request was completed. (0x12B)
[0322/182618.552:WARNING:pe_image_reader.cc(340)] could not read dos header from C:\WINDOWS\System32\OLEAUT32.dll
[0322/182618.552:ERROR:process_memory_win.cc(73)] ReadMemory at 0x7ffc63180000 of 64 bytes failed: Only part of a ReadProcessMemory or WriteProcessMemory request was completed. (0x12B)
[0322/182618.552:WARNING:pe_image_reader.cc(340)] could not read dos header from C:\WINDOWS\System32\msvcp_win.dll
[0322/182618.552:ERROR:process_memory_win.cc(73)] ReadMemory at 0x7ffc63450000 of 64 bytes failed: Only part of a ReadProcessMemory or WriteProcessMemory request was completed. (0x12B)
[0322/182618.552:WARNING:pe_image_reader.cc(340)] could not read dos header from C:\WINDOWS\System32\ucrtbase.dll
[0322/182618.553:ERROR:process_memory_win.cc(73)] ReadMemory at 0x7ffc64b40000 of 64 bytes failed: Only part of a ReadProcessMemory or WriteProcessMemory request was completed. (0x12B)
[0322/182618.553:WARNING:pe_image_reader.cc(340)] could not read dos header from C:\WINDOWS\System32\combase.dll
[0322/182618.553:ERROR:process_memory_win.cc(73)] ReadMemory at 0x7ffc63d40000 of 64 bytes failed: Only part of a ReadProcessMemory or WriteProcessMemory request was completed. (0x12B)
[0322/182618.553:WARNING:pe_image_reader.cc(340)] could not read dos header from C:\WINDOWS\System32\WINTRUST.dll
[0322/182618.553:ERROR:process_memory_win.cc(73)] ReadMemory at 0x7ffc62eb0000 of 64 bytes failed: Only part of a ReadProcessMemory or WriteProcessMemory request was completed. (0x12B)
[0322/182618.553:WARNING:pe_image_reader.cc(340)] could not read dos header from C:\WINDOWS\System32\MSASN1.dll
[0322/182618.553:ERROR:process_memory_win.cc(73)] ReadMemory at 0x7ffc63220000 of 64 bytes failed: Only part of a ReadProcessMemory or WriteProcessMemory request was completed. (0x12B)
[0322/182618.553:WARNING:pe_image_reader.cc(340)] could not read dos header from C:\WINDOWS\System32\CRYPT32.dll
[0322/182618.553:ERROR:process_memory_win.cc(73)] ReadMemory at 0x7ffc62380000 of 64 bytes failed: Only part of a ReadProcessMemory or WriteProcessMemory request was completed. (0x12B)
[0322/182618.553:WARNING:pe_image_reader.cc(340)] could not read dos header from C:\WINDOWS\SYSTEM32\IPHLPAPI.DLL
[0322/182618.553:ERROR:process_memory_win.cc(73)] ReadMemory at 0x7ffc60650000 of 64 bytes failed: Only part of a ReadProcessMemory or WriteProcessMemory request was completed. (0x12B)
[0322/182618.553:WARNING:pe_image_reader.cc(340)] could not read dos header from C:\WINDOWS\SYSTEM32\WINMM.dll
[0322/182618.553:ERROR:process_memory_win.cc(73)] ReadMemory at 0x7ffc52470000 of 64 bytes failed: Only part of a ReadProcessMemory or WriteProcessMemory request was completed. (0x12B)
[0322/182618.553:WARNING:pe_image_reader.cc(340)] could not read dos header from C:\WINDOWS\SYSTEM32\Secur32.dll
[0322/182618.553:ERROR:process_memory_win.cc(73)] ReadMemory at 0x7ffc62cf0000 of 64 bytes failed: Only part of a ReadProcessMemory or WriteProcessMemory request was completed. (0x12B)
[0322/182618.553:WARNING:pe_image_reader.cc(340)] could not read dos header from C:\WINDOWS\SYSTEM32\USERENV.dll
[0322/182618.553:ERROR:process_memory_win.cc(73)] ReadMemory at 0x7ffc62e80000 of 64 bytes failed: Only part of a ReadProcessMemory or WriteProcessMemory request was completed. (0x12B)
[0322/182618.553:WARNING:pe_image_reader.cc(340)] could not read dos header from C:\WINDOWS\System32\profapi.dll
[0322/182618.553:ERROR:process_memory_win.cc(73)] ReadMemory at 0x7ffc32e30000 of 64 bytes failed: Only part of a ReadProcessMemory or WriteProcessMemory request was completed. (0x12B)
[0322/182618.553:WARNING:pe_image_reader.cc(340)] could not read dos header from C:\WINDOWS\SYSTEM32\UIAutomationCore.DLL
[0322/182618.553:ERROR:process_memory_win.cc(73)] ReadMemory at 0x7ffc41e80000 of 64 bytes failed: Only part of a ReadProcessMemory or WriteProcessMemory request was completed. (0x12B)
[0322/182618.553:WARNING:pe_image_reader.cc(340)] could not read dos header from C:\WINDOWS\SYSTEM32\DWrite.dll
[0322/182618.554:ERROR:process_memory_win.cc(73)] ReadMemory at 0x7ffc58650000 of 64 bytes failed: Only part of a ReadProcessMemory or WriteProcessMemory request was completed. (0x12B)
[0322/182618.554:WARNING:pe_image_reader.cc(340)] could not read dos header from C:\WINDOWS\SYSTEM32\WINSPOOL.DRV
[0322/182618.554:ERROR:process_memory_win.cc(73)] ReadMemory at 0x7ffc62e60000 of 64 bytes failed: Only part of a ReadProcessMemory or WriteProcessMemory request was completed. (0x12B)
[0322/182618.554:WARNING:pe_image_reader.cc(340)] could not read dos header from C:\WINDOWS\System32\kernel.appcore.dll
[0322/182618.554:ERROR:process_memory_win.cc(73)] ReadMemory at 0x7ffc63da0000 of 64 bytes failed: Only part of a ReadProcessMemory or WriteProcessMemory request was completed. (0x12B)
[0322/182618.554:WARNING:pe_image_reader.cc(340)] could not read dos header from C:\WINDOWS\System32\bcrypt.dll
[0322/182618.554:ERROR:process_memory_win.cc(73)] ReadMemory at 0x7ffc616d0000 of 64 bytes failed: Only part of a ReadProcessMemory or WriteProcessMemory request was completed. (0x12B)
[0322/182618.554:WARNING:pe_image_reader.cc(340)] could not read dos header from C:\WINDOWS\SYSTEM32\dbghelp.dll
[0322/182618.554:ERROR:process_memory_win.cc(73)] ReadMemory at 0x7ffc561e0000 of 64 bytes failed: Only part of a ReadProcessMemory or WriteProcessMemory request was completed. (0x12B)
[0322/182618.554:WARNING:pe_image_reader.cc(340)] could not read dos header from C:\WINDOWS\SYSTEM32\WINHTTP.dll
[0322/182618.554:ERROR:process_memory_win.cc(73)] ReadMemory at 0x7ffc5d150000 of 64 bytes failed: Only part of a ReadProcessMemory or WriteProcessMemory request was completed. (0x12B)
[0322/182618.554:WARNING:pe_image_reader.cc(340)] could not read dos header from C:\WINDOWS\SYSTEM32\dhcpcsvc.DLL
[0322/182618.554:ERROR:process_memory_win.cc(73)] ReadMemory at 0x7ffc65ec0000 of 64 bytes failed: Only part of a ReadProcessMemory or WriteProcessMemory request was completed. (0x12B)
[0322/182618.554:WARNING:pe_image_reader.cc(340)] could not read dos header from C:\WINDOWS\System32\NSI.dll
[0322/182618.554:ERROR:process_memory_win.cc(73)] ReadMemory at 0x7ffc60620000 of 64 bytes failed: Only part of a ReadProcessMemory or WriteProcessMemory request was completed. (0x12B)
[0322/182618.554:WARNING:pe_image_reader.cc(340)] could not read dos header from C:\WINDOWS\SYSTEM32\WINMMBASE.dll
[0322/182618.554:ERROR:process_memory_win.cc(73)] ReadMemory at 0x7ffc63550000 of 64 bytes failed: Only part of a ReadProcessMemory or WriteProcessMemory request was completed. (0x12B)
[0322/182618.554:WARNING:pe_image_reader.cc(340)] could not read dos header from C:\WINDOWS\System32\cfgmgr32.dll
[0322/182618.554:ERROR:process_memory_win.cc(73)] ReadMemory at 0x7ffc60c10000 of 64 bytes failed: Only part of a ReadProcessMemory or WriteProcessMemory request was completed. (0x12B)
[0322/182618.554:WARNING:pe_image_reader.cc(340)] could not read dos header from C:\WINDOWS\SYSTEM32\PROPSYS.dll
[0322/182618.554:ERROR:process_memory_win.cc(73)] ReadMemory at 0x7ffc65cf0000 of 64 bytes failed: Only part of a ReadProcessMemory or WriteProcessMemory request was completed. (0x12B)
[0322/182618.554:WARNING:pe_image_reader.cc(340)] could not read dos header from C:\WINDOWS\System32\shcore.dll
[0322/182618.554:ERROR:process_memory_win.cc(73)] ReadMemory at 0x7ffc62d20000 of 64 bytes failed: Only part of a ReadProcessMemory or WriteProcessMemory request was completed. (0x12B)
[0322/182618.554:WARNING:pe_image_reader.cc(340)] could not read dos header from C:\WINDOWS\SYSTEM32\SSPICLI.DLL
[0322/182618.555:ERROR:process_memory_win.cc(73)] ReadMemory at 0x7ffc62840000 of 64 bytes failed: Only part of a ReadProcessMemory or WriteProcessMemory request was completed. (0x12B)
[0322/182618.555:WARNING:pe_image_reader.cc(340)] could not read dos header from C:\WINDOWS\SYSTEM32\CRYPTBASE.DLL
[0322/182618.555:ERROR:process_memory_win.cc(73)] ReadMemory at 0x7ff6c54c0000 of 64 bytes failed: Only part of a ReadProcessMemory or WriteProcessMemory request was completed. (0x12B)
[0322/182618.555:WARNING:pe_image_reader.cc(340)] could not read dos header from C:\Program Files (x86)\Google\Chrome\Application\chrome.exe
[0322/182618.555:ERROR:process_memory_win.cc(73)] ReadMemory at 0x7ff6c54c0000 of 64 bytes failed: Only part of a ReadProcessMemory or WriteProcessMemory request was completed. (0x12B)
[0322/182618.555:WARNING:pe_image_reader.cc(340)] could not read dos header from C:\Program Files (x86)\Google\Chrome\Application\chrome.exe
[0322/182618.555:ERROR:process_memory_win.cc(73)] ReadMemory at 0x7ffc65f40000 of 64 bytes failed: Only part of a ReadProcessMemory or WriteProcessMemory request was completed. (0x12B)
[0322/182618.555:WARNING:pe_image_reader.cc(340)] could not read dos header from C:\WINDOWS\SYSTEM32\ntdll.dll
[0322/182618.555:ERROR:process_memory_win.cc(73)] ReadMemory at 0x7ffc65f40000 of 64 bytes failed: Only part of a ReadProcessMemory or WriteProcessMemory request was completed. (0x12B)
[0322/182618.555:WARNING:pe_image_reader.cc(340)] could not read dos header from C:\WINDOWS\SYSTEM32\ntdll.dll
[0322/182618.555:ERROR:process_memory_win.cc(73)] ReadMemory at 0x7ffc64f90000 of 64 bytes failed: Only part of a ReadProcessMemory or WriteProcessMemory request was completed. (0x12B)
[0322/182618.555:WARNING:pe_image_reader.cc(340)] could not read dos header from C:\WINDOWS\System32\KERNEL32.DLL
[0322/182618.555:ERROR:process_memory_win.cc(73)] ReadMemory at 0x7ffc64f90000 of 64 bytes failed: Only part of a ReadProcessMemory or WriteProcessMemory request was completed. (0x12B)
[0322/182618.555:WARNING:pe_image_reader.cc(340)] could not read dos header from C:\WINDOWS\System32\KERNEL32.DLL
[0322/182618.555:ERROR:process_memory_win.cc(73)] ReadMemory at 0x7ffc62ed0000 of 64 bytes failed: Only part of a ReadProcessMemory or WriteProcessMemory request was completed. (0x12B)
[0322/182618.555:WARNING:pe_image_reader.cc(340)] could not read dos header from C:\WINDOWS\System32\KERNELBASE.dll
[0322/182618.555:ERROR:process_memory_win.cc(73)] ReadMemory at 0x7ffc62ed0000 of 64 bytes failed: Only part of a ReadProcessMemory or WriteProcessMemory request was completed. (0x12B)
[0322/182618.555:WARNING:pe_image_reader.cc(340)] could not read dos header from C:\WINDOWS\System32\KERNELBASE.dll
[0322/182618.555:ERROR:process_memory_win.cc(73)] ReadMemory at 0x7ffc300f0000 of 64 bytes failed: Only part of a ReadProcessMemory or WriteProcessMemory request was completed. (0x12B)
[0322/182618.555:WARNING:pe_image_reader.cc(340)] could not read dos header from C:\Program Files (x86)\Google\Chrome\Application\80.0.3987.149\chrome_elf.dll
[0322/182618.555:ERROR:process_memory_win.cc(73)] ReadMemory at 0x7ffc300f0000 of 64 bytes failed: Only part of a ReadProcessMemory or WriteProcessMemory request was completed. (0x12B)
[0322/182618.555:WARNING:pe_image_reader.cc(340)] could not read dos header from C:\Program Files (x86)\Google\Chrome\Application\80.0.3987.149\chrome_elf.dll
[0322/182618.556:ERROR:process_memory_win.cc(73)] ReadMemory at 0x7ffc5d5b0000 of 64 bytes failed: Only part of a ReadProcessMemory or WriteProcessMemory request was completed. (0x12B)
[0322/182618.556:WARNING:pe_image_reader.cc(340)] could not read dos header from C:\WINDOWS\SYSTEM32\VERSION.dll
[0322/182618.556:ERROR:process_memory_win.cc(73)] ReadMemory at 0x7ffc5d5b0000 of 64 bytes failed: Only part of a ReadProcessMemory or WriteProcessMemory request was completed. (0x12B)
[0322/182618.556:WARNING:pe_image_reader.cc(340)] could not read dos header from C:\WINDOWS\SYSTEM32\VERSION.dll
[0322/182618.556:ERROR:process_memory_win.cc(73)] ReadMemory at 0x7ffc64070000 of 64 bytes failed: Only part of a ReadProcessMemory or WriteProcessMemory request was completed. (0x12B)
[0322/182618.556:WARNING:pe_image_reader.cc(340)] could not read dos header from C:\WINDOWS\System32\msvcrt.dll
[0322/182618.556:ERROR:process_memory_win.cc(73)] ReadMemory at 0x7ffc64070000 of 64 bytes failed: Only part of a ReadProcessMemory or WriteProcessMemory request was completed. (0x12B)
[0322/182618.556:WARNING:pe_image_reader.cc(340)] could not read dos header from C:\WINDOWS\System32\msvcrt.dll
[0322/182618.556:ERROR:process_memory_win.cc(73)] ReadMemory at 0x7ffc63dd0000 of 64 bytes failed: Only part of a ReadProcessMemory or WriteProcessMemory request was completed. (0x12B)
[0322/182618.556:WARNING:pe_image_reader.cc(340)] could not read dos header from C:\WINDOWS\System32\bcryptPrimitives.dll
[0322/182618.556:ERROR:process_memory_win.cc(73)] ReadMemory at 0x7ffc63dd0000 of 64 bytes failed: Only part of a ReadProcessMemory or WriteProcessMemory request was completed. (0x12B)
[0322/182618.556:WARNING:pe_image_reader.cc(340)] could not read dos header from C:\WINDOWS\System32\bcryptPrimitives.dll
[0322/182618.556:ERROR:process_memory_win.cc(73)] ReadMemory at 0x7ffc64ee0000 of 64 bytes failed: Only part of a ReadProcessMemory or WriteProcessMemory request was completed. (0x12B)
[0322/182618.556:WARNING:pe_image_reader.cc(340)] could not read dos header from C:\WINDOWS\System32\ADVAPI32.dll
[0322/182618.556:ERROR:process_memory_win.cc(73)] ReadMemory at 0x7ffc64ee0000 of 64 bytes failed: Only part of a ReadProcessMemory or WriteProcessMemory request was completed. (0x12B)
[0322/182618.556:WARNING:pe_image_reader.cc(340)] could not read dos header from C:\WINDOWS\System32\ADVAPI32.dll
[0322/182618.556:ERROR:process_memory_win.cc(73)] ReadMemory at 0x7ffc65670000 of 64 bytes failed: Only part of a ReadProcessMemory or WriteProcessMemory request was completed. (0x12B)
[0322/182618.556:WARNING:pe_image_reader.cc(340)] could not read dos header from C:\WINDOWS\System32\sechost.dll
[0322/182618.556:ERROR:process_memory_win.cc(73)] ReadMemory at 0x7ffc65670000 of 64 bytes failed: Only part of a ReadProcessMemory or WriteProcessMemory request was completed. (0x12B)
[0322/182618.556:WARNING:pe_image_reader.cc(340)] could not read dos header from C:\WINDOWS\System32\sechost.dll
[0322/182618.556:ERROR:process_memory_win.cc(73)] ReadMemory at 0x7ffc65da0000 of 64 bytes failed: Only part of a ReadProcessMemory or WriteProcessMemory request was completed. (0x12B)
[0322/182618.556:WARNING:pe_image_reader.cc(340)] could not read dos header from C:\WINDOWS\System32\RPCRT4.dll
[0322/182618.556:ERROR:process_memory_win.cc(73)] ReadMemory at 0x7ffc65da0000 of 64 bytes failed: Only part of a ReadProcessMemory or WriteProcessMemory request was completed. (0x12B)
[0322/182618.556:WARNING:pe_image_reader.cc(340)] could not read dos header from C:\WINDOWS\System32\RPCRT4.dll
[0322/182618.556:ERROR:process_memory_win.cc(73)] ReadMemory at 0x7ffc02a30000 of 64 bytes failed: Only part of a ReadProcessMemory or WriteProcessMemory request was completed. (0x12B)
[0322/182618.556:WARNING:pe_image_reader.cc(340)] could not read dos header from C:\Program Files (x86)\Google\Chrome\Application\80.0.3987.149\chrome.dll
[0322/182618.556:ERROR:process_memory_win.cc(73)] ReadMemory at 0x7ffc02a30000 of 64 bytes failed: Only part of a ReadProcessMemory or WriteProcessMemory request was completed. (0x12B)
[0322/182618.556:WARNING:pe_image_reader.cc(340)] could not read dos header from C:\Program Files (x86)\Google\Chrome\Application\80.0.3987.149\chrome.dll
[0322/182618.556:ERROR:process_memory_win.cc(73)] ReadMemory at 0x243e4e70000 of 64 bytes failed: Only part of a ReadProcessMemory or WriteProcessMemory request was completed. (0x12B)
[0322/182618.556:WARNING:pe_image_reader.cc(340)] could not read dos header from C:\WINDOWS\System32\WS2_32.dll
[0322/182618.557:ERROR:process_memory_win.cc(73)] ReadMemory at 0x243e4e70000 of 64 bytes failed: Only part of a ReadProcessMemory or WriteProcessMemory request was completed. (0x12B)
[0322/182618.557:WARNING:pe_image_reader.cc(340)] could not read dos header from C:\WINDOWS\System32\WS2_32.dll
[0322/182618.557:ERROR:process_memory_win.cc(73)] ReadMemory at 0x7ffc655a0000 of 64 bytes failed: Only part of a ReadProcessMemory or WriteProcessMemory request was completed. (0x12B)
[0322/182618.557:WARNING:pe_image_reader.cc(340)] could not read dos header from C:\WINDOWS\System32\OLEAUT32.dll
[0322/182618.557:ERROR:process_memory_win.cc(73)] ReadMemory at 0x7ffc655a0000 of 64 bytes failed: Only part of a ReadProcessMemory or WriteProcessMemory request was completed. (0x12B)
[0322/182618.557:WARNING:pe_image_reader.cc(340)] could not read dos header from C:\WINDOWS\System32\OLEAUT32.dll
[0322/182618.557:ERROR:process_memory_win.cc(73)] ReadMemory at 0x7ffc63180000 of 64 bytes failed: Only part of a ReadProcessMemory or WriteProcessMemory request was completed. (0x12B)
[0322/182618.557:WARNING:pe_image_reader.cc(340)] could not read dos header from C:\WINDOWS\System32\msvcp_win.dll
[0322/182618.557:ERROR:process_memory_win.cc(73)] ReadMemory at 0x7ffc63180000 of 64 bytes failed: Only part of a ReadProcessMemory or WriteProcessMemory request was completed. (0x12B)
[0322/182618.557:WARNING:pe_image_reader.cc(340)] could not read dos header from C:\WINDOWS\System32\msvcp_win.dll
[0322/182618.557:ERROR:process_memory_win.cc(73)] ReadMemory at 0x7ffc63450000 of 64 bytes failed: Only part of a ReadProcessMemory or WriteProcessMemory request was completed. (0x12B)
[0322/182618.557:WARNING:pe_image_reader.cc(340)] could not read dos header from C:\WINDOWS\System32\ucrtbase.dll
[0322/182618.557:ERROR:process_memory_win.cc(73)] ReadMemory at 0x7ffc63450000 of 64 bytes failed: Only part of a ReadProcessMemory or WriteProcessMemory request was completed. (0x12B)
[0322/182618.557:WARNING:pe_image_reader.cc(340)] could not read dos header from C:\WINDOWS\System32\ucrtbase.dll
[0322/182618.557:ERROR:process_memory_win.cc(73)] ReadMemory at 0x7ffc64b40000 of 64 bytes failed: Only part of a ReadProcessMemory or WriteProcessMemory request was completed. (0x12B)
[0322/182618.557:WARNING:pe_image_reader.cc(340)] could not read dos header from C:\WINDOWS\System32\combase.dll
[0322/182618.557:ERROR:process_memory_win.cc(73)] ReadMemory at 0x7ffc64b40000 of 64 bytes failed: Only part of a ReadProcessMemory or WriteProcessMemory request was completed. (0x12B)
[0322/182618.557:WARNING:pe_image_reader.cc(340)] could not read dos header from C:\WINDOWS\System32\combase.dll
[0322/182618.558:ERROR:process_memory_win.cc(73)] ReadMemory at 0x7ffc63d40000 of 64 bytes failed: Only part of a ReadProcessMemory or WriteProcessMemory request was completed. (0x12B)
[0322/182618.558:WARNING:pe_image_reader.cc(340)] could not read dos header from C:\WINDOWS\System32\WINTRUST.dll
[0322/182618.558:ERROR:process_memory_win.cc(73)] ReadMemory at 0x7ffc63d40000 of 64 bytes failed: Only part of a ReadProcessMemory or WriteProcessMemory request was completed. (0x12B)
[0322/182618.558:WARNING:pe_image_reader.cc(340)] could not read dos header from C:\WINDOWS\System32\WINTRUST.dll
[0322/182618.558:ERROR:process_memory_win.cc(73)] ReadMemory at 0x7ffc62eb0000 of 64 bytes failed: Only part of a ReadProcessMemory or WriteProcessMemory request was completed. (0x12B)
[0322/182618.558:WARNING:pe_image_reader.cc(340)] could not read dos header from C:\WINDOWS\System32\MSASN1.dll
[0322/182618.558:ERROR:process_memory_win.cc(73)] ReadMemory at 0x7ffc62eb0000 of 64 bytes failed: Only part of a ReadProcessMemory or WriteProcessMemory request was completed. (0x12B)
[0322/182618.558:WARNING:pe_image_reader.cc(340)] could not read dos header from C:\WINDOWS\System32\MSASN1.dll
[0322/182618.558:ERROR:process_memory_win.cc(73)] ReadMemory at 0x7ffc63220000 of 64 bytes failed: Only part of a ReadProcessMemory or WriteProcessMemory request was completed. (0x12B)
[0322/182618.558:WARNING:pe_image_reader.cc(340)] could not read dos header from C:\WINDOWS\System32\CRYPT32.dll
[0322/182618.558:ERROR:process_memory_win.cc(73)] ReadMemory at 0x7ffc63220000 of 64 bytes failed: Only part of a ReadProcessMemory or WriteProcessMemory request was completed. (0x12B)
[0322/182618.558:WARNING:pe_image_reader.cc(340)] could not read dos header from C:\WINDOWS\System32\CRYPT32.dll
[0322/182618.558:ERROR:process_memory_win.cc(73)] ReadMemory at 0x7ffc62380000 of 64 bytes failed: Only part of a ReadProcessMemory or WriteProcessMemory request was completed. (0x12B)
[0322/182618.558:WARNING:pe_image_reader.cc(340)] could not read dos header from C:\WINDOWS\SYSTEM32\IPHLPAPI.DLL
[0322/182618.558:ERROR:process_memory_win.cc(73)] ReadMemory at 0x7ffc62380000 of 64 bytes failed: Only part of a ReadProcessMemory or WriteProcessMemory request was completed. (0x12B)
[0322/182618.558:WARNING:pe_image_reader.cc(340)] could not read dos header from C:\WINDOWS\SYSTEM32\IPHLPAPI.DLL
[0322/182618.558:ERROR:process_memory_win.cc(73)] ReadMemory at 0x7ffc60650000 of 64 bytes failed: Only part of a ReadProcessMemory or WriteProcessMemory request was completed. (0x12B)
[0322/182618.558:WARNING:pe_image_reader.cc(340)] could not read dos header from C:\WINDOWS\SYSTEM32\WINMM.dll
[0322/182618.559:ERROR:process_memory_win.cc(73)] ReadMemory at 0x7ffc60650000 of 64 bytes failed: Only part of a ReadProcessMemory or WriteProcessMemory request was completed. (0x12B)
[0322/182618.559:WARNING:pe_image_reader.cc(340)] could not read dos header from C:\WINDOWS\SYSTEM32\WINMM.dll
[0322/182618.559:ERROR:process_memory_win.cc(73)] ReadMemory at 0x7ffc52470000 of 64 bytes failed: Only part of a ReadProcessMemory or WriteProcessMemory request was completed. (0x12B)
[0322/182618.559:WARNING:pe_image_reader.cc(340)] could not read dos header from C:\WINDOWS\SYSTEM32\Secur32.dll
[0322/182618.559:ERROR:process_memory_win.cc(73)] ReadMemory at 0x7ffc52470000 of 64 bytes failed: Only part of a ReadProcessMemory or WriteProcessMemory request was completed. (0x12B)
[0322/182618.559:WARNING:pe_image_reader.cc(340)] could not read dos header from C:\WINDOWS\SYSTEM32\Secur32.dll
[0322/182618.559:ERROR:process_memory_win.cc(73)] ReadMemory at 0x7ffc62cf0000 of 64 bytes failed: Only part of a ReadProcessMemory or WriteProcessMemory request was completed. (0x12B)
[0322/182618.559:WARNING:pe_image_reader.cc(340)] could not read dos header from C:\WINDOWS\SYSTEM32\USERENV.dll
[0322/182618.559:ERROR:process_memory_win.cc(73)] ReadMemory at 0x7ffc62cf0000 of 64 bytes failed: Only part of a ReadProcessMemory or WriteProcessMemory request was completed. (0x12B)
[0322/182618.559:WARNING:pe_image_reader.cc(340)] could not read dos header from C:\WINDOWS\SYSTEM32\USERENV.dll
[0322/182618.559:ERROR:process_memory_win.cc(73)] ReadMemory at 0x7ffc62e80000 of 64 bytes failed: Only part of a ReadProcessMemory or WriteProcessMemory request was completed. (0x12B)
[0322/182618.559:WARNING:pe_image_reader.cc(340)] could not read dos header from C:\WINDOWS\System32\profapi.dll
[0322/182618.559:ERROR:process_memory_win.cc(73)] ReadMemory at 0x7ffc62e80000 of 64 bytes failed: Only part of a ReadProcessMemory or WriteProcessMemory request was completed. (0x12B)
[0322/182618.559:WARNING:pe_image_reader.cc(340)] could not read dos header from C:\WINDOWS\System32\profapi.dll
[0322/182618.559:ERROR:process_memory_win.cc(73)] ReadMemory at 0x7ffc32e30000 of 64 bytes failed: Only part of a ReadProcessMemory or WriteProcessMemory request was completed. (0x12B)
[0322/182618.559:WARNING:pe_image_reader.cc(340)] could not read dos header from C:\WINDOWS\SYSTEM32\UIAutomationCore.DLL
[0322/182618.559:ERROR:process_memory_win.cc(73)] ReadMemory at 0x7ffc32e30000 of 64 bytes failed: Only part of a ReadProcessMemory or WriteProcessMemory request was completed. (0x12B)
[0322/182618.559:WARNING:pe_image_reader.cc(340)] could not read dos header from C:\WINDOWS\SYSTEM32\UIAutomationCore.DLL
[0322/182618.559:ERROR:process_memory_win.cc(73)] ReadMemory at 0x7ffc41e80000 of 64 bytes failed: Only part of a ReadProcessMemory or WriteProcessMemory request was completed. (0x12B)
[0322/182618.559:WARNING:pe_image_reader.cc(340)] could not read dos header from C:\WINDOWS\SYSTEM32\DWrite.dll
[0322/182618.559:ERROR:process_memory_win.cc(73)] ReadMemory at 0x7ffc41e80000 of 64 bytes failed: Only part of a ReadProcessMemory or WriteProcessMemory request was completed. (0x12B)
[0322/182618.559:WARNING:pe_image_reader.cc(340)] could not read dos header from C:\WINDOWS\SYSTEM32\DWrite.dll
[0322/182618.559:ERROR:process_memory_win.cc(73)] ReadMemory at 0x7ffc58650000 of 64 bytes failed: Only part of a ReadProcessMemory or WriteProcessMemory request was completed. (0x12B)
[0322/182618.559:WARNING:pe_image_reader.cc(340)] could not read dos header from C:\WINDOWS\SYSTEM32\WINSPOOL.DRV
[0322/182618.559:ERROR:process_memory_win.cc(73)] ReadMemory at 0x7ffc58650000 of 64 bytes failed: Only part of a ReadProcessMemory or WriteProcessMemory request was completed. (0x12B)
[0322/182618.559:WARNING:pe_image_reader.cc(340)] could not read dos header from C:\WINDOWS\SYSTEM32\WINSPOOL.DRV
[0322/182618.559:ERROR:process_memory_win.cc(73)] ReadMemory at 0x7ffc62e60000 of 64 bytes failed: Only part of a ReadProcessMemory or WriteProcessMemory request was completed. (0x12B)
[0322/182618.559:WARNING:pe_image_reader.cc(340)] could not read dos header from C:\WINDOWS\System32\kernel.appcore.dll
[0322/182618.559:ERROR:process_memory_win.cc(73)] ReadMemory at 0x7ffc62e60000 of 64 bytes failed: Only part of a ReadProcessMemory or WriteProcessMemory request was completed. (0x12B)
[0322/182618.559:WARNING:pe_image_reader.cc(340)] could not read dos header from C:\WINDOWS\System32\kernel.appcore.dll
[0322/182618.559:ERROR:process_memory_win.cc(73)] ReadMemory at 0x7ffc63da0000 of 64 bytes failed: Only part of a ReadProcessMemory or WriteProcessMemory request was completed. (0x12B)
[0322/182618.560:WARNING:pe_image_reader.cc(340)] could not read dos header from C:\WINDOWS\System32\bcrypt.dll
[0322/182618.560:ERROR:process_memory_win.cc(73)] ReadMemory at 0x7ffc63da0000 of 64 bytes failed: Only part of a ReadProcessMemory or WriteProcessMemory request was completed. (0x12B)
[0322/182618.560:WARNING:pe_image_reader.cc(340)] could not read dos header from C:\WINDOWS\System32\bcrypt.dll
[0322/182618.560:ERROR:process_memory_win.cc(73)] ReadMemory at 0x7ffc616d0000 of 64 bytes failed: Only part of a ReadProcessMemory or WriteProcessMemory request was completed. (0x12B)
[0322/182618.560:WARNING:pe_image_reader.cc(340)] could not read dos header from C:\WINDOWS\SYSTEM32\dbghelp.dll
[0322/182618.560:ERROR:process_memory_win.cc(73)] ReadMemory at 0x7ffc616d0000 of 64 bytes failed: Only part of a ReadProcessMemory or WriteProcessMemory request was completed. (0x12B)
[0322/182618.560:WARNING:pe_image_reader.cc(340)] could not read dos header from C:\WINDOWS\SYSTEM32\dbghelp.dll
[0322/182618.560:ERROR:process_memory_win.cc(73)] ReadMemory at 0x7ffc561e0000 of 64 bytes failed: Only part of a ReadProcessMemory or WriteProcessMemory request was completed. (0x12B)
[0322/182618.560:WARNING:pe_image_reader.cc(340)] could not read dos header from C:\WINDOWS\SYSTEM32\WINHTTP.dll
[0322/182618.560:ERROR:process_memory_win.cc(73)] ReadMemory at 0x7ffc561e0000 of 64 bytes failed: Only part of a ReadProcessMemory or WriteProcessMemory request was completed. (0x12B)
[0322/182618.560:WARNING:pe_image_reader.cc(340)] could not read dos header from C:\WINDOWS\SYSTEM32\WINHTTP.dll
[0322/182618.560:ERROR:process_memory_win.cc(73)] ReadMemory at 0x7ffc5d150000 of 64 bytes failed: Only part of a ReadProcessMemory or WriteProcessMemory request was completed. (0x12B)
[0322/182618.560:WARNING:pe_image_reader.cc(340)] could not read dos header from C:\WINDOWS\SYSTEM32\dhcpcsvc.DLL
[0322/182618.560:ERROR:process_memory_win.cc(73)] ReadMemory at 0x7ffc5d150000 of 64 bytes failed: Only part of a ReadProcessMemory or WriteProcessMemory request was completed. (0x12B)
[0322/182618.560:WARNING:pe_image_reader.cc(340)] could not read dos header from C:\WINDOWS\SYSTEM32\dhcpcsvc.DLL
[0322/182618.560:ERROR:process_memory_win.cc(73)] ReadMemory at 0x7ffc65ec0000 of 64 bytes failed: Only part of a ReadProcessMemory or WriteProcessMemory request was completed. (0x12B)
[0322/182618.560:WARNING:pe_image_reader.cc(340)] could not read dos header from C:\WINDOWS\System32\NSI.dll
[0322/182618.560:ERROR:process_memory_win.cc(73)] ReadMemory at 0x7ffc65ec0000 of 64 bytes failed: Only part of a ReadProcessMemory or WriteProcessMemory request was completed. (0x12B)
[0322/182618.560:WARNING:pe_image_reader.cc(340)] could not read dos header from C:\WINDOWS\System32\NSI.dll
[0322/182618.560:ERROR:process_memory_win.cc(73)] ReadMemory at 0x7ffc60620000 of 64 bytes failed: Only part of a ReadProcessMemory or WriteProcessMemory request was completed. (0x12B)
[0322/182618.560:WARNING:pe_image_reader.cc(340)] could not read dos header from C:\WINDOWS\SYSTEM32\WINMMBASE.dll
[0322/182618.561:ERROR:process_memory_win.cc(73)] ReadMemory at 0x7ffc60620000 of 64 bytes failed: Only part of a ReadProcessMemory or WriteProcessMemory request was completed. (0x12B)
[0322/182618.561:WARNING:pe_image_reader.cc(340)] could not read dos header from C:\WINDOWS\SYSTEM32\WINMMBASE.dll
[0322/182618.561:ERROR:process_memory_win.cc(73)] ReadMemory at 0x7ffc63550000 of 64 bytes failed: Only part of a ReadProcessMemory or WriteProcessMemory request was completed. (0x12B)
[0322/182618.561:WARNING:pe_image_reader.cc(340)] could not read dos header from C:\WINDOWS\System32\cfgmgr32.dll
[0322/182618.561:ERROR:process_memory_win.cc(73)] ReadMemory at 0x7ffc63550000 of 64 bytes failed: Only part of a ReadProcessMemory or WriteProcessMemory request was completed. (0x12B)
[0322/182618.561:WARNING:pe_image_reader.cc(340)] could not read dos header from C:\WINDOWS\System32\cfgmgr32.dll
[0322/182618.561:ERROR:process_memory_win.cc(73)] ReadMemory at 0x7ffc60c10000 of 64 bytes failed: Only part of a ReadProcessMemory or WriteProcessMemory request was completed. (0x12B)
[0322/182618.561:WARNING:pe_image_reader.cc(340)] could not read dos header from C:\WINDOWS\SYSTEM32\PROPSYS.dll
[0322/182618.561:ERROR:process_memory_win.cc(73)] ReadMemory at 0x7ffc60c10000 of 64 bytes failed: Only part of a ReadProcessMemory or WriteProcessMemory request was completed. (0x12B)
[0322/182618.561:WARNING:pe_image_reader.cc(340)] could not read dos header from C:\WINDOWS\SYSTEM32\PROPSYS.dll
[0322/182618.561:ERROR:process_memory_win.cc(73)] ReadMemory at 0x7ffc65cf0000 of 64 bytes failed: Only part of a ReadProcessMemory or WriteProcessMemory request was completed. (0x12B)
[0322/182618.561:WARNING:pe_image_reader.cc(340)] could not read dos header from C:\WINDOWS\System32\shcore.dll
[0322/182618.561:ERROR:process_memory_win.cc(73)] ReadMemory at 0x7ffc65cf0000 of 64 bytes failed: Only part of a ReadProcessMemory or WriteProcessMemory request was completed. (0x12B)
[0322/182618.561:WARNING:pe_image_reader.cc(340)] could not read dos header from C:\WINDOWS\System32\shcore.dll
[0322/182618.561:ERROR:process_memory_win.cc(73)] ReadMemory at 0x7ffc62d20000 of 64 bytes failed: Only part of a ReadProcessMemory or WriteProcessMemory request was completed. (0x12B)
[0322/182618.561:WARNING:pe_image_reader.cc(340)] could not read dos header from C:\WINDOWS\SYSTEM32\SSPICLI.DLL
[0322/182618.561:ERROR:process_memory_win.cc(73)] ReadMemory at 0x7ffc62d20000 of 64 bytes failed: Only part of a ReadProcessMemory or WriteProcessMemory request was completed. (0x12B)
[0322/182618.561:WARNING:pe_image_reader.cc(340)] could not read dos header from C:\WINDOWS\SYSTEM32\SSPICLI.DLL
[0322/182618.561:ERROR:process_memory_win.cc(73)] ReadMemory at 0x7ffc62840000 of 64 bytes failed: Only part of a ReadProcessMemory or WriteProcessMemory request was completed. (0x12B)
[0322/182618.561:WARNING:pe_image_reader.cc(340)] could not read dos header from C:\WINDOWS\SYSTEM32\CRYPTBASE.DLL
[0322/182618.561:ERROR:process_memory_win.cc(73)] ReadMemory at 0x7ffc62840000 of 64 bytes failed: Only part of a ReadProcessMemory or WriteProcessMemory request was completed. (0x12B)
[0322/182618.561:WARNING:pe_image_reader.cc(340)] could not read dos header from C:\WINDOWS\SYSTEM32\CRYPTBASE.DLL
[0322/182618.681:ERROR:process_memory_win.cc(73)] ReadMemory at 0x7ff6c54c0000 of 64 bytes failed: Only part of a ReadProcessMemory or WriteProcessMemory request was completed. (0x12B)
[0322/182618.681:WARNING:pe_image_reader.cc(340)] could not read dos header from C:\Program Files (x86)\Google\Chrome\Application\chrome.exe
[0322/182618.681:ERROR:process_memory_win.cc(73)] ReadMemory at 0x7ffc65f40000 of 64 bytes failed: Only part of a ReadProcessMemory or WriteProcessMemory request was completed. (0x12B)
[0322/182618.681:WARNING:pe_image_reader.cc(340)] could not read dos header from C:\WINDOWS\SYSTEM32\ntdll.dll
[0322/182618.681:ERROR:process_memory_win.cc(73)] ReadMemory at 0x7ffc64f90000 of 64 bytes failed: Only part of a ReadProcessMemory or WriteProcessMemory request was completed. (0x12B)
[0322/182618.681:WARNING:pe_image_reader.cc(340)] could not read dos header from C:\WINDOWS\System32\KERNEL32.DLL
[0322/182618.681:ERROR:process_memory_win.cc(73)] ReadMemory at 0x7ffc62ed0000 of 64 bytes failed: Only part of a ReadProcessMemory or WriteProcessMemory request was completed. (0x12B)
[0322/182618.681:WARNING:pe_image_reader.cc(340)] could not read dos header from C:\WINDOWS\System32\KERNELBASE.dll
[0322/182618.681:ERROR:process_memory_win.cc(73)] ReadMemory at 0x7ffc300f0000 of 64 bytes failed: Only part of a ReadProcessMemory or WriteProcessMemory request was completed. (0x12B)
[0322/182618.681:WARNING:pe_image_reader.cc(340)] could not read dos header from C:\Program Files (x86)\Google\Chrome\Application\80.0.3987.149\chrome_elf.dll
[0322/182618.681:ERROR:process_memory_win.cc(73)] ReadMemory at 0x7ffc5d5b0000 of 64 bytes failed: Only part of a ReadProcessMemory or WriteProcessMemory request was completed. (0x12B)
[0322/182618.681:WARNING:pe_image_reader.cc(340)] could not read dos header from C:\WINDOWS\SYSTEM32\VERSION.dll
[0322/182618.681:ERROR:process_memory_win.cc(73)] ReadMemory at 0x7ffc64070000 of 64 bytes failed: Only part of a ReadProcessMemory or WriteProcessMemory request was completed. (0x12B)
[0322/182618.681:WARNING:pe_image_reader.cc(340)] could not read dos header from C:\WINDOWS\System32\msvcrt.dll
[0322/182618.681:ERROR:process_memory_win.cc(73)] ReadMemory at 0x7ffc63dd0000 of 64 bytes failed: Only part of a ReadProcessMemory or WriteProcessMemory request was completed. (0x12B)
[0322/182618.681:WARNING:pe_image_reader.cc(340)] could not read dos header from C:\WINDOWS\System32\bcryptPrimitives.dll
[0322/182618.681:ERROR:process_memory_win.cc(73)] ReadMemory at 0x7ffc64ee0000 of 64 bytes failed: Only part of a ReadProcessMemory or WriteProcessMemory request was completed. (0x12B)
[0322/182618.682:WARNING:pe_image_reader.cc(340)] could not read dos header from C:\WINDOWS\System32\ADVAPI32.dll
[0322/182618.682:ERROR:process_memory_win.cc(73)] ReadMemory at 0x7ffc65670000 of 64 bytes failed: Only part of a ReadProcessMemory or WriteProcessMemory request was completed. (0x12B)
[0322/182618.682:WARNING:pe_image_reader.cc(340)] could not read dos header from C:\WINDOWS\System32\sechost.dll
[0322/182618.682:ERROR:process_memory_win.cc(73)] ReadMemory at 0x7ffc65da0000 of 64 bytes failed: Only part of a ReadProcessMemory or WriteProcessMemory request was completed. (0x12B)
[0322/182618.682:WARNING:pe_image_reader.cc(340)] could not read dos header from C:\WINDOWS\System32\RPCRT4.dll
[0322/182618.682:ERROR:process_memory_win.cc(73)] ReadMemory at 0x7ffc02a30000 of 64 bytes failed: Only part of a ReadProcessMemory or WriteProcessMemory request was completed. (0x12B)
[0322/182618.682:WARNING:pe_image_reader.cc(340)] could not read dos header from C:\Program Files (x86)\Google\Chrome\Application\80.0.3987.149\chrome.dll
[0322/182618.682:ERROR:process_memory_win.cc(73)] ReadMemory at 0x243e4e70000 of 64 bytes failed: Only part of a ReadProcessMemory or WriteProcessMemory request was completed. (0x12B)
[0322/182618.682:WARNING:pe_image_reader.cc(340)] could not read dos header from C:\WINDOWS\System32\WS2_32.dll
[0322/182618.682:ERROR:process_memory_win.cc(73)] ReadMemory at 0x7ffc655a0000 of 64 bytes failed: Only part of a ReadProcessMemory or WriteProcessMemory request was completed. (0x12B)
[0322/182618.682:WARNING:pe_image_reader.cc(340)] could not read dos header from C:\WINDOWS\System32\OLEAUT32.dll
[0322/182618.682:ERROR:process_memory_win.cc(73)] ReadMemory at 0x7ffc63180000 of 64 bytes failed: Only part of a ReadProcessMemory or WriteProcessMemory request was completed. (0x12B)
[0322/182618.682:WARNING:pe_image_reader.cc(340)] could not read dos header from C:\WINDOWS\System32\msvcp_win.dll
[0322/182618.682:ERROR:process_memory_win.cc(73)] ReadMemory at 0x7ffc63450000 of 64 bytes failed: Only part of a ReadProcessMemory or WriteProcessMemory request was completed. (0x12B)
[0322/182618.682:WARNING:pe_image_reader.cc(340)] could not read dos header from C:\WINDOWS\System32\ucrtbase.dll
[0322/182618.682:ERROR:process_memory_win.cc(73)] ReadMemory at 0x7ffc64b40000 of 64 bytes failed: Only part of a ReadProcessMemory or WriteProcessMemory request was completed. (0x12B)
[0322/182618.682:WARNING:pe_image_reader.cc(340)] could not read dos header from C:\WINDOWS\System32\combase.dll
[0322/182618.682:ERROR:process_memory_win.cc(73)] ReadMemory at 0x7ffc63d40000 of 64 bytes failed: Only part of a ReadProcessMemory or WriteProcessMemory request was completed. (0x12B)
[0322/182618.682:WARNING:pe_image_reader.cc(340)] could not read dos header from C:\WINDOWS\System32\WINTRUST.dll
[0322/182618.682:ERROR:process_memory_win.cc(73)] ReadMemory at 0x7ffc62eb0000 of 64 bytes failed: Only part of a ReadProcessMemory or WriteProcessMemory request was completed. (0x12B)
[0322/182618.682:WARNING:pe_image_reader.cc(340)] could not read dos header from C:\WINDOWS\System32\MSASN1.dll
[0322/182618.682:ERROR:process_memory_win.cc(73)] ReadMemory at 0x7ffc63220000 of 64 bytes failed: Only part of a ReadProcessMemory or WriteProcessMemory request was completed. (0x12B)
[0322/182618.682:WARNING:pe_image_reader.cc(340)] could not read dos header from C:\WINDOWS\System32\CRYPT32.dll
[0322/182618.682:ERROR:process_memory_win.cc(73)] ReadMemory at 0x7ffc62380000 of 64 bytes failed: Only part of a ReadProcessMemory or WriteProcessMemory request was completed. (0x12B)
[0322/182618.682:WARNING:pe_image_reader.cc(340)] could not read dos header from C:\WINDOWS\SYSTEM32\IPHLPAPI.DLL
[0322/182618.682:ERROR:process_memory_win.cc(73)] ReadMemory at 0x7ffc60650000 of 64 bytes failed: Only part of a ReadProcessMemory or WriteProcessMemory request was completed. (0x12B)
[0322/182618.682:WARNING:pe_image_reader.cc(340)] could not read dos header from C:\WINDOWS\SYSTEM32\WINMM.dll
[0322/182618.682:ERROR:process_memory_win.cc(73)] ReadMemory at 0x7ffc52470000 of 64 bytes failed: Only part of a ReadProcessMemory or WriteProcessMemory request was completed. (0x12B)
[0322/182618.682:WARNING:pe_image_reader.cc(340)] could not read dos header from C:\WINDOWS\SYSTEM32\Secur32.dll
[0322/182618.682:ERROR:process_memory_win.cc(73)] ReadMemory at 0x7ffc62cf0000 of 64 bytes failed: Only part of a ReadProcessMemory or WriteProcessMemory request was completed. (0x12B)
[0322/182618.682:WARNING:pe_image_reader.cc(340)] could not read dos header from C:\WINDOWS\SYSTEM32\USERENV.dll
[0322/182618.682:ERROR:process_memory_win.cc(73)] ReadMemory at 0x7ffc62e80000 of 64 bytes failed: Only part of a ReadProcessMemory or WriteProcessMemory request was completed. (0x12B)
[0322/182618.682:WARNING:pe_image_reader.cc(340)] could not read dos header from C:\WINDOWS\System32\profapi.dll
[0322/182618.682:ERROR:process_memory_win.cc(73)] ReadMemory at 0x7ffc32e30000 of 64 bytes failed: Only part of a ReadProcessMemory or WriteProcessMemory request was completed. (0x12B)
[0322/182618.682:WARNING:pe_image_reader.cc(340)] could not read dos header from C:\WINDOWS\SYSTEM32\UIAutomationCore.DLL
[0322/182618.682:ERROR:process_memory_win.cc(73)] ReadMemory at 0x7ffc41e80000 of 64 bytes failed: Only part of a ReadProcessMemory or WriteProcessMemory request was completed. (0x12B)
[0322/182618.682:WARNING:pe_image_reader.cc(340)] could not read dos header from C:\WINDOWS\SYSTEM32\DWrite.dll
[0322/182618.682:ERROR:process_memory_win.cc(73)] ReadMemory at 0x7ffc58650000 of 64 bytes failed: Only part of a ReadProcessMemory or WriteProcessMemory request was completed. (0x12B)
[0322/182618.682:WARNING:pe_image_reader.cc(340)] could not read dos header from C:\WINDOWS\SYSTEM32\WINSPOOL.DRV
[0322/182618.683:ERROR:process_memory_win.cc(73)] ReadMemory at 0x7ffc62e60000 of 64 bytes failed: Only part of a ReadProcessMemory or WriteProcessMemory request was completed. (0x12B)
[0322/182618.683:WARNING:pe_image_reader.cc(340)] could not read dos header from C:\WINDOWS\System32\kernel.appcore.dll
[0322/182618.683:ERROR:process_memory_win.cc(73)] ReadMemory at 0x7ffc63da0000 of 64 bytes failed: Only part of a ReadProcessMemory or WriteProcessMemory request was completed. (0x12B)
[0322/182618.683:WARNING:pe_image_reader.cc(340)] could not read dos header from C:\WINDOWS\System32\bcrypt.dll
[0322/182618.683:ERROR:process_memory_win.cc(73)] ReadMemory at 0x7ffc616d0000 of 64 bytes failed: Only part of a ReadProcessMemory or WriteProcessMemory request was completed. (0x12B)
[0322/182618.683:WARNING:pe_image_reader.cc(340)] could not read dos header from C:\WINDOWS\SYSTEM32\dbghelp.dll
[0322/182618.683:ERROR:process_memory_win.cc(73)] ReadMemory at 0x7ffc561e0000 of 64 bytes failed: Only part of a ReadProcessMemory or WriteProcessMemory request was completed. (0x12B)
[0322/182618.683:WARNING:pe_image_reader.cc(340)] could not read dos header from C:\WINDOWS\SYSTEM32\WINHTTP.dll
[0322/182618.683:ERROR:process_memory_win.cc(73)] ReadMemory at 0x7ffc5d150000 of 64 bytes failed: Only part of a ReadProcessMemory or WriteProcessMemory request was completed. (0x12B)
[0322/182618.683:WARNING:pe_image_reader.cc(340)] could not read dos header from C:\WINDOWS\SYSTEM32\dhcpcsvc.DLL
[0322/182618.683:ERROR:process_memory_win.cc(73)] ReadMemory at 0x7ffc65ec0000 of 64 bytes failed: Only part of a ReadProcessMemory or WriteProcessMemory request was completed. (0x12B)
[0322/182618.683:WARNING:pe_image_reader.cc(340)] could not read dos header from C:\WINDOWS\System32\NSI.dll
[0322/182618.683:ERROR:process_memory_win.cc(73)] ReadMemory at 0x7ffc60620000 of 64 bytes failed: Only part of a ReadProcessMemory or WriteProcessMemory request was completed. (0x12B)
[0322/182618.683:WARNING:pe_image_reader.cc(340)] could not read dos header from C:\WINDOWS\SYSTEM32\WINMMBASE.dll
[0322/182618.683:ERROR:process_memory_win.cc(73)] ReadMemory at 0x7ffc63550000 of 64 bytes failed: Only part of a ReadProcessMemory or WriteProcessMemory request was completed. (0x12B)
[0322/182618.683:WARNING:pe_image_reader.cc(340)] could not read dos header from C:\WINDOWS\System32\cfgmgr32.dll
[0322/182618.683:ERROR:process_memory_win.cc(73)] ReadMemory at 0x7ffc60c10000 of 64 bytes failed: Only part of a ReadProcessMemory or WriteProcessMemory request was completed. (0x12B)
[0322/182618.683:WARNING:pe_image_reader.cc(340)] could not read dos header from C:\WINDOWS\SYSTEM32\PROPSYS.dll
[0322/182618.683:ERROR:process_memory_win.cc(73)] ReadMemory at 0x7ffc65cf0000 of 64 bytes failed: Only part of a ReadProcessMemory or WriteProcessMemory request was completed. (0x12B)
[0322/182618.683:WARNING:pe_image_reader.cc(340)] could not read dos header from C:\WINDOWS\System32\shcore.dll
[0322/182618.683:ERROR:process_memory_win.cc(73)] ReadMemory at 0x7ffc62d20000 of 64 bytes failed: Only part of a ReadProcessMemory or WriteProcessMemory request was completed. (0x12B)
[0322/182618.683:WARNING:pe_image_reader.cc(340)] could not read dos header from C:\WINDOWS\SYSTEM32\SSPICLI.DLL
[0322/182618.683:ERROR:process_memory_win.cc(73)] ReadMemory at 0x7ffc62840000 of 64 bytes failed: Only part of a ReadProcessMemory or WriteProcessMemory request was completed. (0x12B)
[0322/182618.683:WARNING:pe_image_reader.cc(340)] could not read dos header from C:\WINDOWS\SYSTEM32\CRYPTBASE.DLL
[0322/182618.683:ERROR:process_memory_win.cc(73)] ReadMemory at 0x7ff6c54c0000 of 64 bytes failed: Only part of a ReadProcessMemory or WriteProcessMemory request was completed. (0x12B)
[0322/182618.683:WARNING:pe_image_reader.cc(340)] could not read dos header from C:\Program Files (x86)\Google\Chrome\Application\chrome.exe
[0322/182618.683:ERROR:process_memory_win.cc(73)] ReadMemory at 0x7ffc65f40000 of 64 bytes failed: Only part of a ReadProcessMemory or WriteProcessMemory request was completed. (0x12B)
[0322/182618.683:WARNING:pe_image_reader.cc(340)] could not read dos header from C:\WINDOWS\SYSTEM32\ntdll.dll
[0322/182618.683:ERROR:process_memory_win.cc(73)] ReadMemory at 0x7ffc64f90000 of 64 bytes failed: Only part of a ReadProcessMemory or WriteProcessMemory request was completed. (0x12B)
[0322/182618.683:WARNING:pe_image_reader.cc(340)] could not read dos header from C:\WINDOWS\System32\KERNEL32.DLL
[0322/182618.683:ERROR:process_memory_win.cc(73)] ReadMemory at 0x7ffc62ed0000 of 64 bytes failed: Only part of a ReadProcessMemory or WriteProcessMemory request was completed. (0x12B)
[0322/182618.683:WARNING:pe_image_reader.cc(340)] could not read dos header from C:\WINDOWS\System32\KERNELBASE.dll
[0322/182618.683:ERROR:process_memory_win.cc(73)] ReadMemory at 0x7ffc300f0000 of 64 bytes failed: Only part of a ReadProcessMemory or WriteProcessMemory request was completed. (0x12B)
[0322/182618.683:WARNING:pe_image_reader.cc(340)] could not read dos header from C:\Program Files (x86)\Google\Chrome\Application\80.0.3987.149\chrome_elf.dll
[0322/182618.683:ERROR:process_memory_win.cc(73)] ReadMemory at 0x7ffc5d5b0000 of 64 bytes failed: Only part of a ReadProcessMemory or WriteProcessMemory request was completed. (0x12B)
[0322/182618.683:WARNING:pe_image_reader.cc(340)] could not read dos header from C:\WINDOWS\SYSTEM32\VERSION.dll
[0322/182618.683:ERROR:process_memory_win.cc(73)] ReadMemory at 0x7ffc64070000 of 64 bytes failed: Only part of a ReadProcessMemory or WriteProcessMemory request was completed. (0x12B)
[0322/182618.683:WARNING:pe_image_reader.cc(340)] could not read dos header from C:\WINDOWS\System32\msvcrt.dll
[0322/182618.683:ERROR:process_memory_win.cc(73)] ReadMemory at 0x7ffc63dd0000 of 64 bytes failed: Only part of a ReadProcessMemory or WriteProcessMemory request was completed. (0x12B)
[0322/182618.683:WARNING:pe_image_reader.cc(340)] could not read dos header from C:\WINDOWS\System32\bcryptPrimitives.dll
[0322/182618.684:ERROR:process_memory_win.cc(73)] ReadMemory at 0x7ffc64ee0000 of 64 bytes failed: Only part of a ReadProcessMemory or WriteProcessMemory request was completed. (0x12B)
[0322/182618.684:WARNING:pe_image_reader.cc(340)] could not read dos header from C:\WINDOWS\System32\ADVAPI32.dll
[0322/182618.684:ERROR:process_memory_win.cc(73)] ReadMemory at 0x7ffc65670000 of 64 bytes failed: Only part of a ReadProcessMemory or WriteProcessMemory request was completed. (0x12B)
[0322/182618.684:WARNING:pe_image_reader.cc(340)] could not read dos header from C:\WINDOWS\System32\sechost.dll
[0322/182618.684:ERROR:process_memory_win.cc(73)] ReadMemory at 0x7ffc65da0000 of 64 bytes failed: Only part of a ReadProcessMemory or WriteProcessMemory request was completed. (0x12B)
[0322/182618.684:WARNING:pe_image_reader.cc(340)] could not read dos header from C:\WINDOWS\System32\RPCRT4.dll
[0322/182618.684:ERROR:process_memory_win.cc(73)] ReadMemory at 0x7ffc02a30000 of 64 bytes failed: Only part of a ReadProcessMemory or WriteProcessMemory request was completed. (0x12B)
[0322/182618.684:WARNING:pe_image_reader.cc(340)] could not read dos header from C:\Program Files (x86)\Google\Chrome\Application\80.0.3987.149\chrome.dll
[0322/182618.684:ERROR:process_memory_win.cc(73)] ReadMemory at 0x243e4e70000 of 64 bytes failed: Only part of a ReadProcessMemory or WriteProcessMemory request was completed. (0x12B)
[0322/182618.684:WARNING:pe_image_reader.cc(340)] could not read dos header from C:\WINDOWS\System32\WS2_32.dll
[0322/182618.684:ERROR:process_memory_win.cc(73)] ReadMemory at 0x7ffc655a0000 of 64 bytes failed: Only part of a ReadProcessMemory or WriteProcessMemory request was completed. (0x12B)
[0322/182618.684:WARNING:pe_image_reader.cc(340)] could not read dos header from C:\WINDOWS\System32\OLEAUT32.dll
[0322/182618.684:ERROR:process_memory_win.cc(73)] ReadMemory at 0x7ffc63180000 of 64 bytes failed: Only part of a ReadProcessMemory or WriteProcessMemory request was completed. (0x12B)
[0322/182618.684:WARNING:pe_image_reader.cc(340)] could not read dos header from C:\WINDOWS\System32\msvcp_win.dll
[0322/182618.684:ERROR:process_memory_win.cc(73)] ReadMemory at 0x7ffc63450000 of 64 bytes failed: Only part of a ReadProcessMemory or WriteProcessMemory request was completed. (0x12B)
[0322/182618.684:WARNING:pe_image_reader.cc(340)] could not read dos header from C:\WINDOWS\System32\ucrtbase.dll
[0322/182618.684:ERROR:process_memory_win.cc(73)] ReadMemory at 0x7ffc64b40000 of 64 bytes failed: Only part of a ReadProcessMemory or WriteProcessMemory request was completed. (0x12B)
[0322/182618.684:WARNING:pe_image_reader.cc(340)] could not read dos header from C:\WINDOWS\System32\combase.dll
[0322/182618.684:ERROR:process_memory_win.cc(73)] ReadMemory at 0x7ffc63d40000 of 64 bytes failed: Only part of a ReadProcessMemory or WriteProcessMemory request was completed. (0x12B)
[0322/182618.684:WARNING:pe_image_reader.cc(340)] could not read dos header from C:\WINDOWS\System32\WINTRUST.dll
[0322/182618.684:ERROR:process_memory_win.cc(73)] ReadMemory at 0x7ffc62eb0000 of 64 bytes failed: Only part of a ReadProcessMemory or WriteProcessMemory request was completed. (0x12B)
[0322/182618.684:WARNING:pe_image_reader.cc(340)] could not read dos header from C:\WINDOWS\System32\MSASN1.dll
[0322/182618.684:ERROR:process_memory_win.cc(73)] ReadMemory at 0x7ffc63220000 of 64 bytes failed: Only part of a ReadProcessMemory or WriteProcessMemory request was completed. (0x12B)
[0322/182618.684:WARNING:pe_image_reader.cc(340)] could not read dos header from C:\WINDOWS\System32\CRYPT32.dll
[0322/182618.684:ERROR:process_memory_win.cc(73)] ReadMemory at 0x7ffc62380000 of 64 bytes failed: Only part of a ReadProcessMemory or WriteProcessMemory request was completed. (0x12B)
[0322/182618.684:WARNING:pe_image_reader.cc(340)] could not read dos header from C:\WINDOWS\SYSTEM32\IPHLPAPI.DLL
[0322/182618.684:ERROR:process_memory_win.cc(73)] ReadMemory at 0x7ffc60650000 of 64 bytes failed: Only part of a ReadProcessMemory or WriteProcessMemory request was completed. (0x12B)
[0322/182618.684:WARNING:pe_image_reader.cc(340)] could not read dos header from C:\WINDOWS\SYSTEM32\WINMM.dll
[0322/182618.684:ERROR:process_memory_win.cc(73)] ReadMemory at 0x7ffc52470000 of 64 bytes failed: Only part of a ReadProcessMemory or WriteProcessMemory request was completed. (0x12B)
[0322/182618.684:WARNING:pe_image_reader.cc(340)] could not read dos header from C:\WINDOWS\SYSTEM32\Secur32.dll
[0322/182618.684:ERROR:process_memory_win.cc(73)] ReadMemory at 0x7ffc62cf0000 of 64 bytes failed: Only part of a ReadProcessMemory or WriteProcessMemory request was completed. (0x12B)
[0322/182618.684:WARNING:pe_image_reader.cc(340)] could not read dos header from C:\WINDOWS\SYSTEM32\USERENV.dll
[0322/182618.684:ERROR:process_memory_win.cc(73)] ReadMemory at 0x7ffc62e80000 of 64 bytes failed: Only part of a ReadProcessMemory or WriteProcessMemory request was completed. (0x12B)
[0322/182618.684:WARNING:pe_image_reader.cc(340)] could not read dos header from C:\WINDOWS\System32\profapi.dll
[0322/182618.684:ERROR:process_memory_win.cc(73)] ReadMemory at 0x7ffc32e30000 of 64 bytes failed: Only part of a ReadProcessMemory or WriteProcessMemory request was completed. (0x12B)
[0322/182618.684:WARNING:pe_image_reader.cc(340)] could not read dos header from C:\WINDOWS\SYSTEM32\UIAutomationCore.DLL
[0322/182618.684:ERROR:process_memory_win.cc(73)] ReadMemory at 0x7ffc41e80000 of 64 bytes failed: Only part of a ReadProcessMemory or WriteProcessMemory request was completed. (0x12B)
[0322/182618.684:WARNING:pe_image_reader.cc(340)] could not read dos header from C:\WINDOWS\SYSTEM32\DWrite.dll
[0322/182618.684:ERROR:process_memory_win.cc(73)] ReadMemory at 0x7ffc58650000 of 64 bytes failed: Only part of a ReadProcessMemory or WriteProcessMemory request was completed. (0x12B)
[0322/182618.684:WARNING:pe_image_reader.cc(340)] could not read dos header from C:\WINDOWS\SYSTEM32\WINSPOOL.DRV
[0322/182618.684:ERROR:process_memory_win.cc(73)] ReadMemory at 0x7ffc62e60000 of 64 bytes failed: Only part of a ReadProcessMemory or WriteProcessMemory request was completed. (0x12B)
[0322/182618.685:WARNING:pe_image_reader.cc(340)] could not read dos header from C:\WINDOWS\System32\kernel.appcore.dll
[0322/182618.685:ERROR:process_memory_win.cc(73)] ReadMemory at 0x7ffc63da0000 of 64 bytes failed: Only part of a ReadProcessMemory or WriteProcessMemory request was completed. (0x12B)
[0322/182618.685:WARNING:pe_image_reader.cc(340)] could not read dos header from C:\WINDOWS\System32\bcrypt.dll
[0322/182618.685:ERROR:process_memory_win.cc(73)] ReadMemory at 0x7ffc616d0000 of 64 bytes failed: Only part of a ReadProcessMemory or WriteProcessMemory request was completed. (0x12B)
[0322/182618.685:WARNING:pe_image_reader.cc(340)] could not read dos header from C:\WINDOWS\SYSTEM32\dbghelp.dll
[0322/182618.685:ERROR:process_memory_win.cc(73)] ReadMemory at 0x7ffc561e0000 of 64 bytes failed: Only part of a ReadProcessMemory or WriteProcessMemory request was completed. (0x12B)
[0322/182618.685:WARNING:pe_image_reader.cc(340)] could not read dos header from C:\WINDOWS\SYSTEM32\WINHTTP.dll
[0322/182618.685:ERROR:process_memory_win.cc(73)] ReadMemory at 0x7ffc5d150000 of 64 bytes failed: Only part of a ReadProcessMemory or WriteProcessMemory request was completed. (0x12B)
[0322/182618.685:WARNING:pe_image_reader.cc(340)] could not read dos header from C:\WINDOWS\SYSTEM32\dhcpcsvc.DLL
[0322/182618.685:ERROR:process_memory_win.cc(73)] ReadMemory at 0x7ffc65ec0000 of 64 bytes failed: Only part of a ReadProcessMemory or WriteProcessMemory request was completed. (0x12B)
[0322/182618.685:WARNING:pe_image_reader.cc(340)] could not read dos header from C:\WINDOWS\System32\NSI.dll
[0322/182618.685:ERROR:process_memory_win.cc(73)] ReadMemory at 0x7ffc60620000 of 64 bytes failed: Only part of a ReadProcessMemory or WriteProcessMemory request was completed. (0x12B)
[0322/182618.685:WARNING:pe_image_reader.cc(340)] could not read dos header from C:\WINDOWS\SYSTEM32\WINMMBASE.dll
[0322/182618.685:ERROR:process_memory_win.cc(73)] ReadMemory at 0x7ffc63550000 of 64 bytes failed: Only part of a ReadProcessMemory or WriteProcessMemory request was completed. (0x12B)
[0322/182618.685:WARNING:pe_image_reader.cc(340)] could not read dos header from C:\WINDOWS\System32\cfgmgr32.dll
[0322/182618.685:ERROR:process_memory_win.cc(73)] ReadMemory at 0x7ffc60c10000 of 64 bytes failed: Only part of a ReadProcessMemory or WriteProcessMemory request was completed. (0x12B)
[0322/182618.685:WARNING:pe_image_reader.cc(340)] could not read dos header from C:\WINDOWS\SYSTEM32\PROPSYS.dll
[0322/182618.685:ERROR:process_memory_win.cc(73)] ReadMemory at 0x7ffc65cf0000 of 64 bytes failed: Only part of a ReadProcessMemory or WriteProcessMemory request was completed. (0x12B)
[0322/182618.685:WARNING:pe_image_reader.cc(340)] could not read dos header from C:\WINDOWS\System32\shcore.dll
[0322/182618.685:ERROR:process_memory_win.cc(73)] ReadMemory at 0x7ffc62d20000 of 64 bytes failed: Only part of a ReadProcessMemory or WriteProcessMemory request was completed. (0x12B)
[0322/182618.685:WARNING:pe_image_reader.cc(340)] could not read dos header from C:\WINDOWS\SYSTEM32\SSPICLI.DLL
[0322/182618.685:ERROR:process_memory_win.cc(73)] ReadMemory at 0x7ffc62840000 of 64 bytes failed: Only part of a ReadProcessMemory or WriteProcessMemory request was completed. (0x12B)
[0322/182618.685:WARNING:pe_image_reader.cc(340)] could not read dos header from C:\WINDOWS\SYSTEM32\CRYPTBASE.DLL
[0322/182618.693:ERROR:process_memory_win.cc(73)] ReadMemory at 0xf456ff8000 of 32768 bytes failed: Only part of a ReadProcessMemory or WriteProcessMemory request was completed. (0x12B)
[0322/182618.694:ERROR:process_memory_win.cc(73)] ReadMemory at 0xf4577fd000 of 12288 bytes failed: Only part of a ReadProcessMemory or WriteProcessMemory request was completed. (0x12B)
[0322/182618.694:ERROR:process_memory_win.cc(73)] ReadMemory at 0xf457ffc000 of 16384 bytes failed: Only part of a ReadProcessMemory or WriteProcessMemory request was completed. (0x12B)
[0322/182618.694:ERROR:process_memory_win.cc(73)] ReadMemory at 0xf4587fc000 of 16384 bytes failed: Only part of a ReadProcessMemory or WriteProcessMemory request was completed. (0x12B)
[0322/182618.694:ERROR:process_memory_win.cc(73)] ReadMemory at 0xf458ffc000 of 16384 bytes failed: Only part of a ReadProcessMemory or WriteProcessMemory request was completed. (0x12B)
[0322/182618.694:ERROR:process_memory_win.cc(73)] ReadMemory at 0xf4597ff000 of 4096 bytes failed: Only part of a ReadProcessMemory or WriteProcessMemory request was completed. (0x12B)
[0322/182618.694:ERROR:process_memory_win.cc(73)] ReadMemory at 0xf459ffd000 of 12288 bytes failed: Only part of a ReadProcessMemory or WriteProcessMemory request was completed. (0x12B)
[0322/182618.694:ERROR:process_memory_win.cc(73)] ReadMemory at 0xf45a7fb000 of 20480 bytes failed: Only part of a ReadProcessMemory or WriteProcessMemory request was completed. (0x12B)
[0322/182618.694:ERROR:process_memory_win.cc(73)] ReadMemory at 0xf45b7fd000 of 12288 bytes failed: Only part of a ReadProcessMemory or WriteProcessMemory request was completed. (0x12B)
[0322/182618.694:ERROR:process_memory_win.cc(73)] ReadMemory at 0xf45bffd000 of 12288 bytes failed: Only part of a ReadProcessMemory or WriteProcessMemory request was completed. (0x12B)
[0322/182618.694:ERROR:process_memory_win.cc(73)] ReadMemory at 0xf45c7fd000 of 12288 bytes failed: Only part of a ReadProcessMemory or WriteProcessMemory request was completed. (0x12B)
[0322/182618.694:ERROR:process_memory_win.cc(73)] ReadMemory at 0xf45cffd000 of 12288 bytes failed: Only part of a ReadProcessMemory or WriteProcessMemory request was completed. (0x12B)
[0322/182618.694:ERROR:process_memory_win.cc(73)] ReadMemory at 0xf45affd000 of 12288 bytes failed: Only part of a ReadProcessMemory or WriteProcessMemory request was completed. (0x12B)
[0322/182618.694:ERROR:process_memory_win.cc(73)] ReadMemory at 0xf45675f000 of 852 bytes failed: Only part of a ReadProcessMemory or WriteProcessMemory request was completed. (0x12B)
[0322/182618.695:ERROR:process_memory_win.cc(73)] ReadMemory at 0xf456760000 of 6024 bytes failed: Only part of a ReadProcessMemory or WriteProcessMemory request was completed. (0x12B)
[0322/182618.695:ERROR:process_memory_win.cc(73)] ReadMemory at 0xf456762000 of 6024 bytes failed: Only part of a ReadProcessMemory or WriteProcessMemory request was completed. (0x12B)
[0322/182618.695:ERROR:process_memory_win.cc(73)] ReadMemory at 0xf456764000 of 6024 bytes failed: Only part of a ReadProcessMemory or WriteProcessMemory request was completed. (0x12B)
[0322/182618.695:ERROR:process_memory_win.cc(73)] ReadMemory at 0xf456766000 of 6024 bytes failed: Only part of a ReadProcessMemory or WriteProcessMemory request was completed. (0x12B)
[0322/182618.695:ERROR:process_memory_win.cc(73)] ReadMemory at 0xf456768000 of 6024 bytes failed: Only part of a ReadProcessMemory or WriteProcessMemory request was completed. (0x12B)
[0322/182618.695:ERROR:process_memory_win.cc(73)] ReadMemory at 0xf45676a000 of 6024 bytes failed: Only part of a ReadProcessMemory or WriteProcessMemory request was completed. (0x12B)
[0322/182618.695:ERROR:process_memory_win.cc(73)] ReadMemory at 0xf45676c000 of 6024 bytes failed: Only part of a ReadProcessMemory or WriteProcessMemory request was completed. (0x12B)
[0322/182618.695:ERROR:process_memory_win.cc(73)] ReadMemory at 0xf45676e000 of 6024 bytes failed: Only part of a ReadProcessMemory or WriteProcessMemory request was completed. (0x12B)
[0322/182618.695:ERROR:process_memory_win.cc(73)] ReadMemory at 0xf456772000 of 6024 bytes failed: Only part of a ReadProcessMemory or WriteProcessMemory request was completed. (0x12B)
[0322/182618.695:ERROR:process_memory_win.cc(73)] ReadMemory at 0xf456774000 of 6024 bytes failed: Only part of a ReadProcessMemory or WriteProcessMemory request was completed. (0x12B)
[0322/182618.695:ERROR:process_memory_win.cc(73)] ReadMemory at 0xf456776000 of 6024 bytes failed: Only part of a ReadProcessMemory or WriteProcessMemory request was completed. (0x12B)
[0322/182618.696:ERROR:process_memory_win.cc(73)] ReadMemory at 0xf456778000 of 6024 bytes failed: Only part of a ReadProcessMemory or WriteProcessMemory request was completed. (0x12B)
[0322/182618.696:ERROR:process_memory_win.cc(73)] ReadMemory at 0xf45677a000 of 6024 bytes failed: Only part of a ReadProcessMemory or WriteProcessMemory request was completed. (0x12B)
[0322/182618.696:ERROR:process_memory_win.cc(73)] ReadMemory at 0x243e4d50750 of 146 bytes failed: Only part of a ReadProcessMemory or WriteProcessMemory request was completed. (0x12B)
[0322/182618.696:ERROR:process_memory_win.cc(73)] ReadMemory at 0x243e4d50fe0 of 17666 bytes failed: Only part of a ReadProcessMemory or WriteProcessMemory request was completed. (0x12B)
[0322/182618.696:ERROR:process_memory_win.cc(73)] ReadMemory at 0x243e4d554f0 of 1012 bytes failed: Only part of a ReadProcessMemory or WriteProcessMemory request was completed. (0x12B)
[0322/182618.696:ERROR:process_memory_win.cc(73)] ReadMemory at 0x243e4d55b38 of 118 bytes failed: Only part of a ReadProcessMemory or WriteProcessMemory request was completed. (0x12B)
[0322/182618.696:ERROR:process_memory_win.cc(73)] ReadMemory at 0x243e4d55bb0 of 756 bytes failed: Only part of a ReadProcessMemory or WriteProcessMemory request was completed. (0x12B)
[0322/182618.696:ERROR:process_memory_win.cc(73)] ReadMemory at 0x243e4d55ea6 of 118 bytes failed: Only part of a ReadProcessMemory or WriteProcessMemory request was completed. (0x12B)
[0322/182618.696:ERROR:process_memory_win.cc(73)] ReadMemory at 0x243e4d55f1e of 100 bytes failed: Only part of a ReadProcessMemory or WriteProcessMemory request was completed. (0x12B)
[0322/182618.696:ERROR:process_memory_win.cc(73)] ReadMemory at 0x243e4d55f90 of 58 bytes failed: Only part of a ReadProcessMemory or WriteProcessMemory request was completed. (0x12B)
[0322/182618.696:ERROR:process_memory_win.cc(73)] ReadMemory at 0x243e4d56090 of 132 bytes failed: Only part of a ReadProcessMemory or WriteProcessMemory request was completed. (0x12B)
[0322/182618.696:ERROR:process_memory_win.cc(73)] ReadMemory at 0x243e4d56220 of 132 bytes failed: Only part of a ReadProcessMemory or WriteProcessMemory request was completed. (0x12B)
[0322/182618.696:ERROR:process_memory_win.cc(73)] ReadMemory at 0x243e4d563e0 of 126 bytes failed: Only part of a ReadProcessMemory or WriteProcessMemory request was completed. (0x12B)
[0322/182618.697:ERROR:process_memory_win.cc(73)] ReadMemory at 0x243e4d567c0 of 132 bytes failed: Only part of a ReadProcessMemory or WriteProcessMemory request was completed. (0x12B)
[0322/182618.697:ERROR:process_memory_win.cc(73)] ReadMemory at 0x243e4d56950 of 64 bytes failed: Only part of a ReadProcessMemory or WriteProcessMemory request was completed. (0x12B)
[0322/182618.697:ERROR:process_memory_win.cc(73)] ReadMemory at 0x243e4d569a0 of 132 bytes failed: Only part of a ReadProcessMemory or WriteProcessMemory request was completed. (0x12B)
[0322/182618.697:ERROR:process_memory_win.cc(73)] ReadMemory at 0x243e4d56b10 of 132 bytes failed: Only part of a ReadProcessMemory or WriteProcessMemory request was completed. (0x12B)
[0322/182618.697:ERROR:process_memory_win.cc(73)] ReadMemory at 0x243e4d56db0 of 132 bytes failed: Only part of a ReadProcessMemory or WriteProcessMemory request was completed. (0x12B)
[0322/182618.697:ERROR:process_memory_win.cc(73)] ReadMemory at 0x243e4d56f40 of 68 bytes failed: Only part of a ReadProcessMemory or WriteProcessMemory request was completed. (0x12B)
[0322/182618.697:ERROR:process_memory_win.cc(73)] ReadMemory at 0x243e4d5b810 of 132 bytes failed: Only part of a ReadProcessMemory or WriteProcessMemory request was completed. (0x12B)
[0322/182618.697:ERROR:process_memory_win.cc(73)] ReadMemory at 0x243e4d5b9a0 of 154 bytes failed: Only part of a ReadProcessMemory or WriteProcessMemory request was completed. (0x12B)
[0322/182618.697:ERROR:process_memory_win.cc(73)] ReadMemory at 0x243e4d5c630 of 132 bytes failed: Only part of a ReadProcessMemory or WriteProcessMemory request was completed. (0x12B)
[0322/182618.697:ERROR:process_memory_win.cc(73)] ReadMemory at 0x243e4d5cdf0 of 132 bytes failed: Only part of a ReadProcessMemory or WriteProcessMemory request was completed. (0x12B)
[0322/182618.697:ERROR:process_memory_win.cc(73)] ReadMemory at 0x243e4d5cf20 of 132 bytes failed: Only part of a ReadProcessMemory or WriteProcessMemory request was completed. (0x12B)
[0322/182618.697:ERROR:process_memory_win.cc(73)] ReadMemory at 0x243e4d5dc60 of 62 bytes failed: Only part of a ReadProcessMemory or WriteProcessMemory request was completed. (0x12B)
[0322/182618.698:ERROR:process_memory_win.cc(73)] ReadMemory at 0x243e4d5dd90 of 132 bytes failed: Only part of a ReadProcessMemory or WriteProcessMemory request was completed. (0x12B)
[0322/182618.698:ERROR:process_memory_win.cc(73)] ReadMemory at 0x243e4d5df20 of 60 bytes failed: Only part of a ReadProcessMemory or WriteProcessMemory request was completed. (0x12B)
[0322/182618.698:ERROR:process_memory_win.cc(73)] ReadMemory at 0x243e4d5e200 of 132 bytes failed: Only part of a ReadProcessMemory or WriteProcessMemory request was completed. (0x12B)
[0322/182618.698:ERROR:process_memory_win.cc(73)] ReadMemory at 0x243e4d5e410 of 132 bytes failed: Only part of a ReadProcessMemory or WriteProcessMemory request was completed. (0x12B)
[0322/182618.698:ERROR:process_memory_win.cc(73)] ReadMemory at 0x243e4d5e870 of 132 bytes failed: Only part of a ReadProcessMemory or WriteProcessMemory request was completed. (0x12B)
[0322/182618.698:ERROR:process_memory_win.cc(73)] ReadMemory at 0x243e4d5ea00 of 80 bytes failed: Only part of a ReadProcessMemory or WriteProcessMemory request was completed. (0x12B)
[0322/182618.698:ERROR:process_memory_win.cc(73)] ReadMemory at 0x243e4d5eb20 of 62 bytes failed: Only part of a ReadProcessMemory or WriteProcessMemory request was completed. (0x12B)
[0322/182618.698:ERROR:process_memory_win.cc(73)] ReadMemory at 0x243e4d5ec10 of 62 bytes failed: Only part of a ReadProcessMemory or WriteProcessMemory request was completed. (0x12B)
[0322/182618.698:ERROR:process_memory_win.cc(73)] ReadMemory at 0x243e4d5ed50 of 60 bytes failed: Only part of a ReadProcessMemory or WriteProcessMemory request was completed. (0x12B)
[0322/182618.698:ERROR:process_memory_win.cc(73)] ReadMemory at 0x243e4d5edf0 of 66 bytes failed: Only part of a ReadProcessMemory or WriteProcessMemory request was completed. (0x12B)
[0322/182618.699:ERROR:process_memory_win.cc(73)] ReadMemory at 0x243e4d5ee40 of 64 bytes failed: Only part of a ReadProcessMemory or WriteProcessMemory request was completed. (0x12B)
[0322/182618.699:ERROR:process_memory_win.cc(73)] ReadMemory at 0x243e4d5eee0 of 64 bytes failed: Only part of a ReadProcessMemory or WriteProcessMemory request was completed. (0x12B)
[0322/182618.699:ERROR:process_memory_win.cc(73)] ReadMemory at 0x243e4d5ef80 of 64 bytes failed: Only part of a ReadProcessMemory or WriteProcessMemory request was completed. (0x12B)
[0322/182618.699:ERROR:process_memory_win.cc(73)] ReadMemory at 0x243e4d5efd0 of 64 bytes failed: Only part of a ReadProcessMemory or WriteProcessMemory request was completed. (0x12B)
[0322/182618.699:ERROR:process_memory_win.cc(73)] ReadMemory at 0x243e4d5f250 of 60 bytes failed: Only part of a ReadProcessMemory or WriteProcessMemory request was completed. (0x12B)
[0322/182618.699:ERROR:process_memory_win.cc(73)] ReadMemory at 0x243e4d5f900 of 76 bytes failed: Only part of a ReadProcessMemory or WriteProcessMemory request was completed. (0x12B)
[0322/182618.699:ERROR:process_memory_win.cc(73)] ReadMemory at 0x243e4d5fae0 of 80 bytes failed: Only part of a ReadProcessMemory or WriteProcessMemory request was completed. (0x12B)
[0322/182618.699:ERROR:process_memory_win.cc(73)] ReadMemory at 0x243e4d64c30 of 54 bytes failed: Only part of a ReadProcessMemory or WriteProcessMemory request was completed. (0x12B)
[0322/182618.699:ERROR:process_memory_win.cc(73)] ReadMemory at 0x243e4d65a90 of 132 bytes failed: Only part of a ReadProcessMemory or WriteProcessMemory request was completed. (0x12B)
[0322/182618.700:ERROR:process_memory_win.cc(73)] ReadMemory at 0x243e4d65cb0 of 132 bytes failed: Only part of a ReadProcessMemory or WriteProcessMemory request was completed. (0x12B)
[0322/182618.700:ERROR:process_memory_win.cc(73)] ReadMemory at 0x243e4d666f0 of 132 bytes failed: Only part of a ReadProcessMemory or WriteProcessMemory request was completed. (0x12B)
[0322/182618.700:ERROR:process_memory_win.cc(73)] ReadMemory at 0x243e4d6aa40 of 132 bytes failed: Only part of a ReadProcessMemory or WriteProcessMemory request was completed. (0x12B)
[0322/182618.700:ERROR:process_memory_win.cc(73)] ReadMemory at 0x243e4d6ab70 of 132 bytes failed: Only part of a ReadProcessMemory or WriteProcessMemory request was completed. (0x12B)
[0322/182618.700:ERROR:process_memory_win.cc(73)] ReadMemory at 0x243e4d6aca0 of 132 bytes failed: Only part of a ReadProcessMemory or WriteProcessMemory request was completed. (0x12B)
[0322/182618.700:ERROR:process_memory_win.cc(73)] ReadMemory at 0x243e4d6add0 of 132 bytes failed: Only part of a ReadProcessMemory or WriteProcessMemory request was completed. (0x12B)
[0322/182618.700:ERROR:process_memory_win.cc(73)] ReadMemory at 0x243e4d6af00 of 132 bytes failed: Only part of a ReadProcessMemory or WriteProcessMemory request was completed. (0x12B)
[0322/182618.700:ERROR:process_memory_win.cc(73)] ReadMemory at 0x243e4d6b160 of 132 bytes failed: Only part of a ReadProcessMemory or WriteProcessMemory request was completed. (0x12B)
[0322/182618.700:ERROR:process_memory_win.cc(73)] ReadMemory at 0x243e4d6b290 of 132 bytes failed: Only part of a ReadProcessMemory or WriteProcessMemory request was completed. (0x12B)
[0322/182618.701:ERROR:process_memory_win.cc(73)] ReadMemory at 0x243e4d6b3c0 of 132 bytes failed: Only part of a ReadProcessMemory or WriteProcessMemory request was completed. (0x12B)
[0322/182618.701:ERROR:process_memory_win.cc(73)] ReadMemory at 0x243e4d6b4f0 of 132 bytes failed: Only part of a ReadProcessMemory or WriteProcessMemory request was completed. (0x12B)
[0322/182618.701:ERROR:process_memory_win.cc(73)] ReadMemory at 0x243e4d6b620 of 132 bytes failed: Only part of a ReadProcessMemory or WriteProcessMemory request was completed. (0x12B)
[0322/182618.701:ERROR:process_memory_win.cc(73)] ReadMemory at 0x243e4d6b750 of 132 bytes failed: Only part of a ReadProcessMemory or WriteProcessMemory request was completed. (0x12B)
[0322/182618.701:ERROR:process_memory_win.cc(73)] ReadMemory at 0x243e4d6b880 of 132 bytes failed: Only part of a ReadProcessMemory or WriteProcessMemory request was completed. (0x12B)
[0322/182618.701:ERROR:process_memory_win.cc(73)] ReadMemory at 0x243e4d6c160 of 64 bytes failed: Only part of a ReadProcessMemory or WriteProcessMemory request was completed. (0x12B)
[0322/182618.701:ERROR:process_memory_win.cc(73)] ReadMemory at 0x243e4d6c1b0 of 62 bytes failed: Only part of a ReadProcessMemory or WriteProcessMemory request was completed. (0x12B)
[0322/182618.701:ERROR:process_memory_win.cc(73)] ReadMemory at 0x243e4d6c200 of 64 bytes failed: Only part of a ReadProcessMemory or WriteProcessMemory request was completed. (0x12B)
[0322/182618.701:ERROR:process_memory_win.cc(73)] ReadMemory at 0x243e4d6c340 of 60 bytes failed: Only part of a ReadProcessMemory or WriteProcessMemory request was completed. (0x12B)
[0322/182618.701:ERROR:process_memory_win.cc(73)] ReadMemory at 0x243e4d6c3e0 of 62 bytes failed: Only part of a ReadProcessMemory or WriteProcessMemory request was completed. (0x12B)
[0322/182618.702:ERROR:process_memory_win.cc(73)] ReadMemory at 0x243e4d6c4d0 of 64 bytes failed: Only part of a ReadProcessMemory or WriteProcessMemory request was completed. (0x12B)
[0322/182618.702:ERROR:process_memory_win.cc(73)] ReadMemory at 0x243e4d6c610 of 60 bytes failed: Only part of a ReadProcessMemory or WriteProcessMemory request was completed. (0x12B)
[0322/182618.702:ERROR:process_memory_win.cc(73)] ReadMemory at 0x243e4d6c6b0 of 62 bytes failed: Only part of a ReadProcessMemory or WriteProcessMemory request was completed. (0x12B)
[0322/182618.702:ERROR:process_memory_win.cc(73)] ReadMemory at 0x243e4d6c7f0 of 64 bytes failed: Only part of a ReadProcessMemory or WriteProcessMemory request was completed. (0x12B)
[0322/182618.702:ERROR:process_memory_win.cc(73)] ReadMemory at 0x243e4d6c890 of 60 bytes failed: Only part of a ReadProcessMemory or WriteProcessMemory request was completed. (0x12B)
[0322/182618.702:ERROR:process_memory_win.cc(73)] ReadMemory at 0x243e4d6c9d0 of 66 bytes failed: Only part of a ReadProcessMemory or WriteProcessMemory request was completed. (0x12B)
[0322/182618.702:ERROR:process_memory_win.cc(73)] ReadMemory at 0x243e4d6ca20 of 62 bytes failed: Only part of a ReadProcessMemory or WriteProcessMemory request was completed. (0x12B)
[0322/182618.703:ERROR:process_memory_win.cc(73)] ReadMemory at 0x243e4d6ca70 of 62 bytes failed: Only part of a ReadProcessMemory or WriteProcessMemory request was completed. (0x12B)
[0322/182618.703:ERROR:process_memory_win.cc(73)] ReadMemory at 0x243e4d6cd90 of 60 bytes failed: Only part of a ReadProcessMemory or WriteProcessMemory request was completed. (0x12B)
[0322/182618.703:ERROR:process_memory_win.cc(73)] ReadMemory at 0x243e4d6cde0 of 58 bytes failed: Only part of a ReadProcessMemory or WriteProcessMemory request was completed. (0x12B)
[0322/182618.703:ERROR:process_memory_win.cc(73)] ReadMemory at 0x243e4d6ce30 of 62 bytes failed: Only part of a ReadProcessMemory or WriteProcessMemory request was completed. (0x12B)
[0322/182618.703:ERROR:process_memory_win.cc(73)] ReadMemory at 0x243e4d6ce80 of 62 bytes failed: Only part of a ReadProcessMemory or WriteProcessMemory request was completed. (0x12B)
[0322/182618.703:ERROR:process_memory_win.cc(73)] ReadMemory at 0x243e4d6ced0 of 62 bytes failed: Only part of a ReadProcessMemory or WriteProcessMemory request was completed. (0x12B)
[0322/182618.703:ERROR:process_memory_win.cc(73)] ReadMemory at 0x243e4d6d0c0 of 132 bytes failed: Only part of a ReadProcessMemory or WriteProcessMemory request was completed. (0x12B)
[0322/182618.703:ERROR:process_memory_win.cc(73)] ReadMemory at 0x243e4d6d320 of 132 bytes failed: Only part of a ReadProcessMemory or WriteProcessMemory request was completed. (0x12B)
[0322/182618.703:ERROR:process_memory_win.cc(73)] ReadMemory at 0x243e4d6d6b0 of 132 bytes failed: Only part of a ReadProcessMemory or WriteProcessMemory request was completed. (0x12B)
[0322/182618.703:ERROR:process_memory_win.cc(73)] ReadMemory at 0x243e4d6d910 of 132 bytes failed: Only part of a ReadProcessMemory or WriteProcessMemory request was completed. (0x12B)
[0322/182618.703:ERROR:process_memory_win.cc(73)] ReadMemory at 0x243e4d6e160 of 132 bytes failed: Only part of a ReadProcessMemory or WriteProcessMemory request was completed. (0x12B)
[0322/182618.704:ERROR:process_memory_win.cc(73)] ReadMemory at 0x243e4d6e290 of 132 bytes failed: Only part of a ReadProcessMemory or WriteProcessMemory request was completed. (0x12B)
[0322/182618.704:ERROR:process_memory_win.cc(73)] ReadMemory at 0x243e4d6e3c0 of 132 bytes failed: Only part of a ReadProcessMemory or WriteProcessMemory request was completed. (0x12B)
[0322/182618.704:ERROR:process_memory_win.cc(73)] ReadMemory at 0x243e4d6e4f0 of 132 bytes failed: Only part of a ReadProcessMemory or WriteProcessMemory request was completed. (0x12B)
[0322/182618.704:ERROR:process_memory_win.cc(73)] ReadMemory at 0x243e4d6e620 of 132 bytes failed: Only part of a ReadProcessMemory or WriteProcessMemory request was completed. (0x12B)
[0322/182618.704:ERROR:process_memory_win.cc(73)] ReadMemory at 0x243e4d6e750 of 132 bytes failed: Only part of a ReadProcessMemory or WriteProcessMemory request was completed. (0x12B)
[0322/182618.704:ERROR:process_memory_win.cc(73)] ReadMemory at 0x243e4d835e0 of 512 bytes failed: Only part of a ReadProcessMemory or WriteProcessMemory request was completed. (0x12B)
[0322/182618.704:ERROR:process_memory_win.cc(73)] ReadMemory at 0x243e4d84380 of 512 bytes failed: Only part of a ReadProcessMemory or WriteProcessMemory request was completed. (0x12B)
[0322/182618.704:ERROR:process_memory_win.cc(73)] ReadMemory at 0x243e4f11e40 of 512 bytes failed: Only part of a ReadProcessMemory or WriteProcessMemory request was completed. (0x12B)
[0322/182618.704:ERROR:process_memory_win.cc(73)] ReadMemory at 0x243e4f12200 of 512 bytes failed: Only part of a ReadProcessMemory or WriteProcessMemory request was completed. (0x12B)
[0322/182618.704:ERROR:process_memory_win.cc(73)] ReadMemory at 0x243e51b2ae0 of 512 bytes failed: Only part of a ReadProcessMemory or WriteProcessMemory request was completed. (0x12B)
[0322/182618.704:ERROR:process_memory_win.cc(73)] ReadMemory at 0x243e51b5150 of 512 bytes failed: Only part of a ReadProcessMemory or WriteProcessMemory request was completed. (0x12B)
[0322/182618.705:ERROR:process_memory_win.cc(73)] ReadMemory at 0x243e51b5390 of 512 bytes failed: Only part of a ReadProcessMemory or WriteProcessMemory request was completed. (0x12B)
[0322/182618.705:ERROR:process_memory_win.cc(73)] ReadMemory at 0x243e51b6080 of 512 bytes failed: Only part of a ReadProcessMemory or WriteProcessMemory request was completed. (0x12B)
[0322/182618.705:ERROR:process_memory_win.cc(73)] ReadMemory at 0x243e51dda80 of 512 bytes failed: Only part of a ReadProcessMemory or WriteProcessMemory request was completed. (0x12B)
[0322/182618.705:ERROR:process_memory_win.cc(73)] ReadMemory at 0x243e51e2980 of 712 bytes failed: Only part of a ReadProcessMemory or WriteProcessMemory request was completed. (0x12B)
[0322/182618.705:ERROR:process_memory_win.cc(73)] ReadMemory at 0x243e51fa000 of 512 bytes failed: Only part of a ReadProcessMemory or WriteProcessMemory request was completed. (0x12B)
[0322/182618.705:ERROR:process_memory_win.cc(73)] ReadMemory at 0x243e51fb5b8 of 512 bytes failed: Only part of a ReadProcessMemory or WriteProcessMemory request was completed. (0x12B)
[0322/182618.705:ERROR:process_memory_win.cc(73)] ReadMemory at 0x243e51fbf48 of 800 bytes failed: Only part of a ReadProcessMemory or WriteProcessMemory request was completed. (0x12B)
[0322/182618.705:ERROR:process_memory_win.cc(73)] ReadMemory at 0x243e706d581 of 512 bytes failed: Only part of a ReadProcessMemory or WriteProcessMemory request was completed. (0x12B)
[0322/182618.705:ERROR:process_memory_win.cc(73)] ReadMemory at 0x243e717afa8 of 512 bytes failed: Only part of a ReadProcessMemory or WriteProcessMemory request was completed. (0x12B)
[0322/182618.706:ERROR:process_memory_win.cc(73)] ReadMemory at 0x130d3b324538 of 512 bytes failed: Only part of a ReadProcessMemory or WriteProcessMemory request was completed. (0x12B)
[0322/182618.706:ERROR:process_memory_win.cc(73)] ReadMemory at 0x7ffc047517f0 of 512 bytes failed: Only part of a ReadProcessMemory or WriteProcessMemory request was completed. (0x12B)
[0322/182618.706:ERROR:process_memory_win.cc(73)] ReadMemory at 0x7ffc04fe054c of 512 bytes failed: Only part of a ReadProcessMemory or WriteProcessMemory request was completed. (0x12B)
[0322/182618.706:ERROR:process_memory_win.cc(73)] ReadMemory at 0x7ffc05d73d1b of 512 bytes failed: Only part of a ReadProcessMemory or WriteProcessMemory request was completed. (0x12B)
[0322/182618.706:ERROR:process_memory_win.cc(73)] ReadMemory at 0x7ffc0a135964 of 512 bytes failed: Only part of a ReadProcessMemory or WriteProcessMemory request was completed. (0x12B)
[0322/182618.706:ERROR:process_memory_win.cc(73)] ReadMemory at 0x7ffc65fdc0c4 of 672 bytes failed: Only part of a ReadProcessMemory or WriteProcessMemory request was completed. (0x12B)
[0322/182618.706:ERROR:process_memory_win.cc(73)] ReadMemory at 0x7ffc65fdc6c4 of 512 bytes failed: Only part of a ReadProcessMemory or WriteProcessMemory request was completed. (0x12B)
[0322/182618.706:ERROR:process_memory_win.cc(73)] ReadMemory at 0x7ffc65fdf974 of 608 bytes failed: Only part of a ReadProcessMemory or WriteProcessMemory request was completed. (0x12B)
[0322/182618.707:ERROR:process_memory_win.cc(73)] ReadMemory at 0x7ffc6606c428 of 18 bytes failed: Only part of a ReadProcessMemory or WriteProcessMemory request was completed. (0x12B)
[0322/182618.707:ERROR:process_memory_win.cc(73)] ReadMemory at 0x7ffc6609f4f8 of 40 bytes failed: Only part of a ReadProcessMemory or WriteProcessMemory request was completed. (0x12B)
[0322/182618.707:ERROR:process_memory_win.cc(73)] ReadMemory at 0x7ffc6609f978 of 48 bytes failed: Only part of a ReadProcessMemory or WriteProcessMemory request was completed. (0x12B)
[0322/182618.707:ERROR:process_memory_win.cc(73)] ReadMemory at 0x7ffc660a53c0 of 64 bytes failed: Only part of a ReadProcessMemory or WriteProcessMemory request was completed. (0x12B)
[0322/182618.739:ERROR:scoped_process_suspend.cc(40)] NtResumeProcess: An attempt was made to access an exiting process. (0xc000010a)
[0322/183623.859:ERROR:process_reader_win.cc(151)] SuspendThread: Access is denied. (0x5)
[0322/183623.859:ERROR:exception_snapshot_win.cc(98)] thread ID 14360 not found in process
[0323/225616.199:ERROR:process_info.cc(329)] VirtualQueryEx: Access is denied. (0x5)
[0323/225616.199:ERROR:process_info.cc(556)] ReadMemoryInfo failed
[0323/225616.199:ERROR:scoped_process_suspend.cc(40)] NtResumeProcess: An attempt was made to access an exiting process. (0xc000010a)
[0323/225919.301:ERROR:process_reader_win.cc(151)] SuspendThread: Access is denied. (0x5)
[0323/225919.301:ERROR:process_reader_win.cc(151)] SuspendThread: Access is denied. (0x5)
[0323/225919.301:ERROR:process_reader_win.cc(151)] SuspendThread: Access is denied. (0x5)
[0323/225919.301:ERROR:process_reader_win.cc(151)] SuspendThread: Access is denied. (0x5)
[0323/225919.301:ERROR:process_reader_win.cc(151)] SuspendThread: Access is denied. (0x5)
[0323/225919.301:ERROR:process_reader_win.cc(151)] SuspendThread: Access is denied. (0x5)
[0323/225919.302:ERROR:process_reader_win.cc(151)] SuspendThread: Access is denied. (0x5)
[0323/225919.302:ERROR:process_reader_win.cc(151)] SuspendThread: Access is denied. (0x5)
[0323/225919.302:ERROR:process_reader_win.cc(151)] SuspendThread: Access is denied. (0x5)
[0323/225919.302:ERROR:process_reader_win.cc(151)] SuspendThread: Access is denied. (0x5)
[0323/225919.302:ERROR:process_reader_win.cc(151)] SuspendThread: Access is denied. (0x5)
[0323/225919.302:ERROR:process_reader_win.cc(151)] SuspendThread: Access is denied. (0x5)
[0323/225919.302:ERROR:process_reader_win.cc(151)] SuspendThread: Access is denied. (0x5)
[0323/225919.302:ERROR:process_reader_win.cc(151)] SuspendThread: Access is denied. (0x5)
[0323/225919.302:ERROR:exception_snapshot_win.cc(98)] thread ID 22380 not found in process
[0324/013650.937:ERROR:process_info.cc(118)] ReadProcessMemory bool __cdecl crashpad::(anonymous namespace)::ReadStruct(HANDLE, crashpad::WinVMAddress, T *) [T = crashpad::process_types::PEB<crashpad::process_types::internal::Traits64>]: Only part of a ReadProcessMemory or WriteProcessMemory request was completed. (0x12B)
[0324/013650.960:ERROR:process_info.cc(551)] ReadProcessData failed
[0324/013650.960:ERROR:scoped_process_suspend.cc(40)] NtResumeProcess: An attempt was made to access an exiting process. (0xc000010a)
